[19:14:36.295] Global cache location 'C:/Users/aitor/AppData/Local/Microsoft/TypeScript/4.6', safe file path 'c:/users/aitor/aitorsm-homepage/node_modules/typescript/lib/typingsafelist.json', types map path c:/users/aitor/aitorsm-homepage/node_modules/typescript/lib/typesmap.json
[19:14:36.298] Processing cache location 'C:/Users/aitor/AppData/Local/Microsoft/TypeScript/4.6'
[19:14:36.298] Trying to find 'C:/Users/aitor/AppData/Local/Microsoft/TypeScript/4.6/package.json'...
[19:14:36.309] Loaded content of 'C:/Users/aitor/AppData/Local/Microsoft/TypeScript/4.6/package.json': {"private":true,"dependencies":{"types-registry":"^0.1.601"},"devDependencies":{"@types/eslint":"^8.4.5","@types/prettier":"^2.6.3","@types/react":"^18.0.15","@types/react-dom":"^18.0.6","@types/three":"^0.141.0"}}
[19:14:36.310] Loaded content of 'C:/Users/aitor/AppData/Local/Microsoft/TypeScript/4.6/package-lock.json'
[19:14:36.335] Adding entry into typings cache: 'eslint' => 'C:/Users/aitor/AppData/Local/Microsoft/TypeScript/4.6/node_modules/@types/eslint/index.d.ts'
[19:14:36.346] Adding entry into typings cache: 'prettier' => 'C:/Users/aitor/AppData/Local/Microsoft/TypeScript/4.6/node_modules/@types/prettier/index.d.ts'
[19:14:36.360] Adding entry into typings cache: 'react' => 'C:/Users/aitor/AppData/Local/Microsoft/TypeScript/4.6/node_modules/@types/react/index.d.ts'
[19:14:36.370] Adding entry into typings cache: 'react-dom' => 'C:/Users/aitor/AppData/Local/Microsoft/TypeScript/4.6/node_modules/@types/react-dom/index.d.ts'
[19:14:36.378] Adding entry into typings cache: 'three' => 'C:/Users/aitor/AppData/Local/Microsoft/TypeScript/4.6/node_modules/@types/three/index.d.ts'
[19:14:36.379] Finished processing cache location 'C:/Users/aitor/AppData/Local/Microsoft/TypeScript/4.6'
[19:14:36.380] Process id: 13368
[19:14:36.380] NPM location: "C:\Program Files\nodejs\npm" (explicit '--npmLocation' not  provided)
[19:14:36.380] validateDefaultNpmLocation: false
[19:14:36.381] Npm config file: C:/Users/aitor/AppData/Local/Microsoft/TypeScript/4.6/package.json
[19:14:36.381] Updating types-registry npm package...
[19:14:36.382] Exec: "C:\Program Files\nodejs\npm" install --ignore-scripts types-registry@latest
[19:14:39.386]     Succeeded. stdout:
    
    up to date, audited 13 packages in 2s

found 0 vulnerabilities

[19:14:39.386] Updated types-registry npm package
[19:14:51.081] Got install request {"projectName":"/dev/null/inferredProject1*","fileNames":["c:/Users/aitor/aitorsm-homepage/node_modules/typescript/lib/lib.es5.d.ts","c:/Users/aitor/aitorsm-homepage/node_modules/typescript/lib/lib.es2015.d.ts","c:/Users/aitor/aitorsm-homepage/node_modules/typescript/lib/lib.es2016.d.ts","c:/Users/aitor/aitorsm-homepage/node_modules/typescript/lib/lib.dom.d.ts","c:/Users/aitor/aitorsm-homepage/node_modules/typescript/lib/lib.dom.iterable.d.ts","c:/Users/aitor/aitorsm-homepage/node_modules/typescript/lib/lib.webworker.importscripts.d.ts","c:/Users/aitor/aitorsm-homepage/node_modules/typescript/lib/lib.scripthost.d.ts","c:/Users/aitor/aitorsm-homepage/node_modules/typescript/lib/lib.es2015.core.d.ts","c:/Users/aitor/aitorsm-homepage/node_modules/typescript/lib/lib.es2015.collection.d.ts","c:/Users/aitor/aitorsm-homepage/node_modules/typescript/lib/lib.es2015.generator.d.ts","c:/Users/aitor/aitorsm-homepage/node_modules/typescript/lib/lib.es2015.iterable.d.ts","c:/Users/aitor/aitorsm-homepage/node_modules/typescript/lib/lib.es2015.promise.d.ts","c:/Users/aitor/aitorsm-homepage/node_modules/typescript/lib/lib.es2015.proxy.d.ts","c:/Users/aitor/aitorsm-homepage/node_modules/typescript/lib/lib.es2015.reflect.d.ts","c:/Users/aitor/aitorsm-homepage/node_modules/typescript/lib/lib.es2015.symbol.d.ts","c:/Users/aitor/aitorsm-homepage/node_modules/typescript/lib/lib.es2015.symbol.wellknown.d.ts","c:/Users/aitor/aitorsm-homepage/node_modules/typescript/lib/lib.es2016.array.include.d.ts","c:/Users/aitor/aitorsm-homepage/node_modules/typescript/lib/lib.es2016.full.d.ts","c:/Users/aitor/aitorsm-homepage/components/grid-item.js","c:/Users/aitor/aitorsm-homepage/components/layouts/article.js","c:/Users/aitor/aitorsm-homepage/components/section.js","c:/Users/aitor/aitorsm-homepage/lib/theme.js","c:/Users/aitor/aitorsm-homepage/components/chakra.js","c:/Users/aitor/aitorsm-homepage/pages/works.js"],"compilerOptions":{"module":1,"target":3,"jsx":1,"allowJs":true,"allowSyntheticDefaultImports":true,"allowNonTsExtensions":true,"noEmitForJsFiles":true,"maxNodeModuleJsDepth":2},"typeAcquisition":{"enable":true,"include":[],"exclude":[]},"unresolvedImports":[],"projectRootPath":"c:/Users/aitor/aitorsm-homepage/pages","kind":"discover"}
[19:14:51.096] Loaded safelist from types map file 'c:/users/aitor/aitorsm-homepage/node_modules/typescript/lib/typesmap.json'
[19:14:51.097] Explicitly included types: []
[19:14:51.100] Inferred typings from unresolved imports: []
[19:14:51.100] Result: {"cachedTypingPaths":[],"newTypingNames":[],"filesToWatch":["c:/Users/aitor/aitorsm-homepage/components/bower_components","c:/Users/aitor/aitorsm-homepage/components/node_modules","c:/Users/aitor/aitorsm-homepage/components/layouts/bower_components","c:/Users/aitor/aitorsm-homepage/components/layouts/node_modules","c:/Users/aitor/aitorsm-homepage/lib/bower_components","c:/Users/aitor/aitorsm-homepage/lib/node_modules","c:/Users/aitor/aitorsm-homepage/pages/bower_components","c:/Users/aitor/aitorsm-homepage/pages/node_modules"]}
[19:14:51.100] Finished typings discovery: {"cachedTypingPaths":[],"newTypingNames":[],"filesToWatch":["c:/Users/aitor/aitorsm-homepage/components/bower_components","c:/Users/aitor/aitorsm-homepage/components/node_modules","c:/Users/aitor/aitorsm-homepage/components/layouts/bower_components","c:/Users/aitor/aitorsm-homepage/components/layouts/node_modules","c:/Users/aitor/aitorsm-homepage/lib/bower_components","c:/Users/aitor/aitorsm-homepage/lib/node_modules","c:/Users/aitor/aitorsm-homepage/pages/bower_components","c:/Users/aitor/aitorsm-homepage/pages/node_modules"]}
[19:14:51.101] DirectoryWatcher:: Added:: WatchInfo: c:/Users/aitor/aitorsm-homepage/components/bower_components
[19:14:51.102] DirectoryWatcher:: Added:: WatchInfo: c:/Users/aitor/aitorsm-homepage/components/bower_components 1 undefined Project: /dev/null/inferredProject1* watcher already invoked: false
[19:14:51.104] Elapsed:: 1.4578999998047948ms DirectoryWatcher:: Added:: WatchInfo: c:/Users/aitor/aitorsm-homepage/components/bower_components 1 undefined Project: /dev/null/inferredProject1* watcher already invoked: false
[19:14:51.104] DirectoryWatcher:: Added:: WatchInfo: c:/Users/aitor/aitorsm-homepage/components/node_modules
[19:14:51.104] DirectoryWatcher:: Added:: WatchInfo: c:/Users/aitor/aitorsm-homepage/components/node_modules 1 undefined Project: /dev/null/inferredProject1* watcher already invoked: false
[19:14:51.105] Elapsed:: 0.1694999998435378ms DirectoryWatcher:: Added:: WatchInfo: c:/Users/aitor/aitorsm-homepage/components/node_modules 1 undefined Project: /dev/null/inferredProject1* watcher already invoked: false
[19:14:51.105] DirectoryWatcher:: Added:: WatchInfo: c:/Users/aitor/aitorsm-homepage/components/layouts/bower_components
[19:14:51.106] DirectoryWatcher:: Added:: WatchInfo: c:/Users/aitor/aitorsm-homepage/components/layouts/bower_components 1 undefined Project: /dev/null/inferredProject1* watcher already invoked: false
[19:14:51.106] Elapsed:: 0.14430000074207783ms DirectoryWatcher:: Added:: WatchInfo: c:/Users/aitor/aitorsm-homepage/components/layouts/bower_components 1 undefined Project: /dev/null/inferredProject1* watcher already invoked: false
[19:14:51.106] DirectoryWatcher:: Added:: WatchInfo: c:/Users/aitor/aitorsm-homepage/components/layouts/node_modules
[19:14:51.107] DirectoryWatcher:: Added:: WatchInfo: c:/Users/aitor/aitorsm-homepage/components/layouts/node_modules 1 undefined Project: /dev/null/inferredProject1* watcher already invoked: false
[19:14:51.107] Elapsed:: 0.15500000026077032ms DirectoryWatcher:: Added:: WatchInfo: c:/Users/aitor/aitorsm-homepage/components/layouts/node_modules 1 undefined Project: /dev/null/inferredProject1* watcher already invoked: false
[19:14:51.108] DirectoryWatcher:: Added:: WatchInfo: c:/Users/aitor/aitorsm-homepage/lib/bower_components
[19:14:51.108] DirectoryWatcher:: Added:: WatchInfo: c:/Users/aitor/aitorsm-homepage/lib/bower_components 1 undefined Project: /dev/null/inferredProject1* watcher already invoked: false
[19:14:51.108] Elapsed:: 0.14479999989271164ms DirectoryWatcher:: Added:: WatchInfo: c:/Users/aitor/aitorsm-homepage/lib/bower_components 1 undefined Project: /dev/null/inferredProject1* watcher already invoked: false
[19:14:51.109] DirectoryWatcher:: Added:: WatchInfo: c:/Users/aitor/aitorsm-homepage/lib/node_modules
[19:14:51.109] DirectoryWatcher:: Added:: WatchInfo: c:/Users/aitor/aitorsm-homepage/lib/node_modules 1 undefined Project: /dev/null/inferredProject1* watcher already invoked: false
[19:14:51.110] Elapsed:: 0.1600000001490116ms DirectoryWatcher:: Added:: WatchInfo: c:/Users/aitor/aitorsm-homepage/lib/node_modules 1 undefined Project: /dev/null/inferredProject1* watcher already invoked: false
[19:14:51.110] DirectoryWatcher:: Added:: WatchInfo: c:/Users/aitor/aitorsm-homepage/pages/bower_components
[19:14:51.110] DirectoryWatcher:: Added:: WatchInfo: c:/Users/aitor/aitorsm-homepage/pages/bower_components 1 undefined Project: /dev/null/inferredProject1* watcher already invoked: false
[19:14:51.111] Elapsed:: 0.16940000001341105ms DirectoryWatcher:: Added:: WatchInfo: c:/Users/aitor/aitorsm-homepage/pages/bower_components 1 undefined Project: /dev/null/inferredProject1* watcher already invoked: false
[19:14:51.111] DirectoryWatcher:: Added:: WatchInfo: c:/Users/aitor/aitorsm-homepage/pages/node_modules
[19:14:51.111] DirectoryWatcher:: Added:: WatchInfo: c:/Users/aitor/aitorsm-homepage/pages/node_modules 1 undefined Project: /dev/null/inferredProject1* watcher already invoked: false
[19:14:51.112] Elapsed:: 0.15499999932944775ms DirectoryWatcher:: Added:: WatchInfo: c:/Users/aitor/aitorsm-homepage/pages/node_modules 1 undefined Project: /dev/null/inferredProject1* watcher already invoked: false
[19:14:51.112] Sending response:
    {"projectName":"/dev/null/inferredProject1*","typeAcquisition":{"enable":true,"include":[],"exclude":[]},"compilerOptions":{"module":1,"target":3,"jsx":1,"allowJs":true,"allowSyntheticDefaultImports":true,"allowNonTsExtensions":true,"noEmitForJsFiles":true,"maxNodeModuleJsDepth":2},"typings":[],"unresolvedImports":[],"kind":"action::set"}
[19:14:51.113] Response has been sent.
[19:14:51.113] No new typings were requested as a result of typings discovery
[19:28:34.876] Got install request {"projectName":"/dev/null/inferredProject2*","fileNames":["c:/Users/aitor/aitorsm-homepage/node_modules/typescript/lib/lib.es5.d.ts","c:/Users/aitor/aitorsm-homepage/node_modules/typescript/lib/lib.es2015.d.ts","c:/Users/aitor/aitorsm-homepage/node_modules/typescript/lib/lib.es2016.d.ts","c:/Users/aitor/aitorsm-homepage/node_modules/typescript/lib/lib.dom.d.ts","c:/Users/aitor/aitorsm-homepage/node_modules/typescript/lib/lib.dom.iterable.d.ts","c:/Users/aitor/aitorsm-homepage/node_modules/typescript/lib/lib.webworker.importscripts.d.ts","c:/Users/aitor/aitorsm-homepage/node_modules/typescript/lib/lib.scripthost.d.ts","c:/Users/aitor/aitorsm-homepage/node_modules/typescript/lib/lib.es2015.core.d.ts","c:/Users/aitor/aitorsm-homepage/node_modules/typescript/lib/lib.es2015.collection.d.ts","c:/Users/aitor/aitorsm-homepage/node_modules/typescript/lib/lib.es2015.generator.d.ts","c:/Users/aitor/aitorsm-homepage/node_modules/typescript/lib/lib.es2015.iterable.d.ts","c:/Users/aitor/aitorsm-homepage/node_modules/typescript/lib/lib.es2015.promise.d.ts","c:/Users/aitor/aitorsm-homepage/node_modules/typescript/lib/lib.es2015.proxy.d.ts","c:/Users/aitor/aitorsm-homepage/node_modules/typescript/lib/lib.es2015.reflect.d.ts","c:/Users/aitor/aitorsm-homepage/node_modules/typescript/lib/lib.es2015.symbol.d.ts","c:/Users/aitor/aitorsm-homepage/node_modules/typescript/lib/lib.es2015.symbol.wellknown.d.ts","c:/Users/aitor/aitorsm-homepage/node_modules/typescript/lib/lib.es2016.array.include.d.ts","c:/Users/aitor/aitorsm-homepage/node_modules/typescript/lib/lib.es2016.full.d.ts","c:/Users/aitor/aitorsm-homepage/components/grid-item.js","c:/Users/aitor/aitorsm-homepage/components/layouts/article.js","c:/Users/aitor/aitorsm-homepage/components/work.js","c:/Users/aitor/aitorsm-homepage/components/paragraph.js","c:/Users/aitor/aitorsm-homepage/lib/theme.js","c:/Users/aitor/aitorsm-homepage/components/chakra.js","c:/Users/aitor/aitorsm-homepage/pages/works/openmolcas.js"],"compilerOptions":{"module":1,"target":3,"jsx":1,"allowJs":true,"allowSyntheticDefaultImports":true,"allowNonTsExtensions":true,"noEmitForJsFiles":true,"maxNodeModuleJsDepth":2},"typeAcquisition":{"enable":true,"include":[],"exclude":[]},"unresolvedImports":[],"projectRootPath":"c:/Users/aitor/aitorsm-homepage/pages/works","kind":"discover"}
[19:28:34.877] Explicitly included types: []
[19:28:34.878] Inferred typings from unresolved imports: []
[19:28:34.878] Result: {"cachedTypingPaths":[],"newTypingNames":[],"filesToWatch":["c:/Users/aitor/aitorsm-homepage/components/bower_components","c:/Users/aitor/aitorsm-homepage/components/node_modules","c:/Users/aitor/aitorsm-homepage/components/layouts/bower_components","c:/Users/aitor/aitorsm-homepage/components/layouts/node_modules","c:/Users/aitor/aitorsm-homepage/lib/bower_components","c:/Users/aitor/aitorsm-homepage/lib/node_modules","c:/Users/aitor/aitorsm-homepage/pages/works/bower_components","c:/Users/aitor/aitorsm-homepage/pages/works/node_modules"]}
[19:28:34.878] Finished typings discovery: {"cachedTypingPaths":[],"newTypingNames":[],"filesToWatch":["c:/Users/aitor/aitorsm-homepage/components/bower_components","c:/Users/aitor/aitorsm-homepage/components/node_modules","c:/Users/aitor/aitorsm-homepage/components/layouts/bower_components","c:/Users/aitor/aitorsm-homepage/components/layouts/node_modules","c:/Users/aitor/aitorsm-homepage/lib/bower_components","c:/Users/aitor/aitorsm-homepage/lib/node_modules","c:/Users/aitor/aitorsm-homepage/pages/works/bower_components","c:/Users/aitor/aitorsm-homepage/pages/works/node_modules"]}
[19:28:34.879] DirectoryWatcher:: Added:: WatchInfo: c:/Users/aitor/aitorsm-homepage/components/bower_components
[19:28:34.879] DirectoryWatcher:: Added:: WatchInfo: c:/Users/aitor/aitorsm-homepage/components/bower_components 1 undefined Project: /dev/null/inferredProject2* watcher already invoked: false
[19:28:34.880] Elapsed:: 0.13469999935477972ms DirectoryWatcher:: Added:: WatchInfo: c:/Users/aitor/aitorsm-homepage/components/bower_components 1 undefined Project: /dev/null/inferredProject2* watcher already invoked: false
[19:28:34.880] DirectoryWatcher:: Added:: WatchInfo: c:/Users/aitor/aitorsm-homepage/components/node_modules
[19:28:34.881] DirectoryWatcher:: Added:: WatchInfo: c:/Users/aitor/aitorsm-homepage/components/node_modules 1 undefined Project: /dev/null/inferredProject2* watcher already invoked: false
[19:28:34.881] Elapsed:: 0.12110000010579824ms DirectoryWatcher:: Added:: WatchInfo: c:/Users/aitor/aitorsm-homepage/components/node_modules 1 undefined Project: /dev/null/inferredProject2* watcher already invoked: false
[19:28:34.881] DirectoryWatcher:: Added:: WatchInfo: c:/Users/aitor/aitorsm-homepage/components/layouts/bower_components
[19:28:34.882] DirectoryWatcher:: Added:: WatchInfo: c:/Users/aitor/aitorsm-homepage/components/layouts/bower_components 1 undefined Project: /dev/null/inferredProject2* watcher already invoked: false
[19:28:34.882] Elapsed:: 0.11089999973773956ms DirectoryWatcher:: Added:: WatchInfo: c:/Users/aitor/aitorsm-homepage/components/layouts/bower_components 1 undefined Project: /dev/null/inferredProject2* watcher already invoked: false
[19:28:34.882] DirectoryWatcher:: Added:: WatchInfo: c:/Users/aitor/aitorsm-homepage/components/layouts/node_modules
[19:28:34.883] DirectoryWatcher:: Added:: WatchInfo: c:/Users/aitor/aitorsm-homepage/components/layouts/node_modules 1 undefined Project: /dev/null/inferredProject2* watcher already invoked: false
[19:28:34.883] Elapsed:: 0.10690000001341105ms DirectoryWatcher:: Added:: WatchInfo: c:/Users/aitor/aitorsm-homepage/components/layouts/node_modules 1 undefined Project: /dev/null/inferredProject2* watcher already invoked: false
[19:28:34.884] DirectoryWatcher:: Added:: WatchInfo: c:/Users/aitor/aitorsm-homepage/lib/bower_components
[19:28:34.884] DirectoryWatcher:: Added:: WatchInfo: c:/Users/aitor/aitorsm-homepage/lib/bower_components 1 undefined Project: /dev/null/inferredProject2* watcher already invoked: false
[19:28:34.884] Elapsed:: 0.10699999984353781ms DirectoryWatcher:: Added:: WatchInfo: c:/Users/aitor/aitorsm-homepage/lib/bower_components 1 undefined Project: /dev/null/inferredProject2* watcher already invoked: false
[19:28:34.885] DirectoryWatcher:: Added:: WatchInfo: c:/Users/aitor/aitorsm-homepage/lib/node_modules
[19:28:34.885] DirectoryWatcher:: Added:: WatchInfo: c:/Users/aitor/aitorsm-homepage/lib/node_modules 1 undefined Project: /dev/null/inferredProject2* watcher already invoked: false
[19:28:34.886] Elapsed:: 0.31969999987632036ms DirectoryWatcher:: Added:: WatchInfo: c:/Users/aitor/aitorsm-homepage/lib/node_modules 1 undefined Project: /dev/null/inferredProject2* watcher already invoked: false
[19:28:34.886] DirectoryWatcher:: Added:: WatchInfo: c:/Users/aitor/aitorsm-homepage/pages/works/bower_components
[19:28:34.887] DirectoryWatcher:: Added:: WatchInfo: c:/Users/aitor/aitorsm-homepage/pages/works/bower_components 1 undefined Project: /dev/null/inferredProject2* watcher already invoked: false
[19:28:34.887] Elapsed:: 0.3055999996140599ms DirectoryWatcher:: Added:: WatchInfo: c:/Users/aitor/aitorsm-homepage/pages/works/bower_components 1 undefined Project: /dev/null/inferredProject2* watcher already invoked: false
[19:28:34.888] DirectoryWatcher:: Added:: WatchInfo: c:/Users/aitor/aitorsm-homepage/pages/works/node_modules
[19:28:34.888] DirectoryWatcher:: Added:: WatchInfo: c:/Users/aitor/aitorsm-homepage/pages/works/node_modules 1 undefined Project: /dev/null/inferredProject2* watcher already invoked: false
[19:28:34.889] Elapsed:: 0.24179999995976686ms DirectoryWatcher:: Added:: WatchInfo: c:/Users/aitor/aitorsm-homepage/pages/works/node_modules 1 undefined Project: /dev/null/inferredProject2* watcher already invoked: false
[19:28:34.889] Sending response:
    {"projectName":"/dev/null/inferredProject2*","typeAcquisition":{"enable":true,"include":[],"exclude":[]},"compilerOptions":{"module":1,"target":3,"jsx":1,"allowJs":true,"allowSyntheticDefaultImports":true,"allowNonTsExtensions":true,"noEmitForJsFiles":true,"maxNodeModuleJsDepth":2},"typings":[],"unresolvedImports":[],"kind":"action::set"}
[19:28:34.890] Response has been sent.
[19:28:34.891] No new typings were requested as a result of typings discovery
[19:31:22.096] Got install request {"projectName":"/dev/null/inferredProject3*","fileNames":["c:/Users/aitor/aitorsm-homepage/node_modules/typescript/lib/lib.es5.d.ts","c:/Users/aitor/aitorsm-homepage/node_modules/typescript/lib/lib.es2015.d.ts","c:/Users/aitor/aitorsm-homepage/node_modules/typescript/lib/lib.es2016.d.ts","c:/Users/aitor/aitorsm-homepage/node_modules/typescript/lib/lib.dom.d.ts","c:/Users/aitor/aitorsm-homepage/node_modules/typescript/lib/lib.dom.iterable.d.ts","c:/Users/aitor/aitorsm-homepage/node_modules/typescript/lib/lib.webworker.importscripts.d.ts","c:/Users/aitor/aitorsm-homepage/node_modules/typescript/lib/lib.scripthost.d.ts","c:/Users/aitor/aitorsm-homepage/node_modules/typescript/lib/lib.es2015.core.d.ts","c:/Users/aitor/aitorsm-homepage/node_modules/typescript/lib/lib.es2015.collection.d.ts","c:/Users/aitor/aitorsm-homepage/node_modules/typescript/lib/lib.es2015.generator.d.ts","c:/Users/aitor/aitorsm-homepage/node_modules/typescript/lib/lib.es2015.iterable.d.ts","c:/Users/aitor/aitorsm-homepage/node_modules/typescript/lib/lib.es2015.promise.d.ts","c:/Users/aitor/aitorsm-homepage/node_modules/typescript/lib/lib.es2015.proxy.d.ts","c:/Users/aitor/aitorsm-homepage/node_modules/typescript/lib/lib.es2015.reflect.d.ts","c:/Users/aitor/aitorsm-homepage/node_modules/typescript/lib/lib.es2015.symbol.d.ts","c:/Users/aitor/aitorsm-homepage/node_modules/typescript/lib/lib.es2015.symbol.wellknown.d.ts","c:/Users/aitor/aitorsm-homepage/node_modules/typescript/lib/lib.es2016.array.include.d.ts","c:/Users/aitor/aitorsm-homepage/node_modules/typescript/lib/lib.es2016.full.d.ts","c:/Users/aitor/aitorsm-homepage/components/grid-item.js","c:/Users/aitor/aitorsm-homepage/components/layouts/article.js","c:/Users/aitor/aitorsm-homepage/components/work.js","c:/Users/aitor/aitorsm-homepage/components/paragraph.js","c:/Users/aitor/aitorsm-homepage/lib/theme.js","c:/Users/aitor/aitorsm-homepage/components/chakra.js","c:/Users/aitor/aitorsm-homepage/pages/works/plantula.js"],"compilerOptions":{"module":1,"target":3,"jsx":1,"allowJs":true,"allowSyntheticDefaultImports":true,"allowNonTsExtensions":true,"noEmitForJsFiles":true,"maxNodeModuleJsDepth":2},"typeAcquisition":{"enable":true,"include":[],"exclude":[]},"unresolvedImports":[],"projectRootPath":"c:/Users/aitor/aitorsm-homepage/pages/works","kind":"discover"}
[19:31:22.096] Explicitly included types: []
[19:31:22.098] Inferred typings from unresolved imports: []
[19:31:22.098] Result: {"cachedTypingPaths":[],"newTypingNames":[],"filesToWatch":["c:/Users/aitor/aitorsm-homepage/components/bower_components","c:/Users/aitor/aitorsm-homepage/components/node_modules","c:/Users/aitor/aitorsm-homepage/components/layouts/bower_components","c:/Users/aitor/aitorsm-homepage/components/layouts/node_modules","c:/Users/aitor/aitorsm-homepage/lib/bower_components","c:/Users/aitor/aitorsm-homepage/lib/node_modules","c:/Users/aitor/aitorsm-homepage/pages/works/bower_components","c:/Users/aitor/aitorsm-homepage/pages/works/node_modules"]}
[19:31:22.098] Finished typings discovery: {"cachedTypingPaths":[],"newTypingNames":[],"filesToWatch":["c:/Users/aitor/aitorsm-homepage/components/bower_components","c:/Users/aitor/aitorsm-homepage/components/node_modules","c:/Users/aitor/aitorsm-homepage/components/layouts/bower_components","c:/Users/aitor/aitorsm-homepage/components/layouts/node_modules","c:/Users/aitor/aitorsm-homepage/lib/bower_components","c:/Users/aitor/aitorsm-homepage/lib/node_modules","c:/Users/aitor/aitorsm-homepage/pages/works/bower_components","c:/Users/aitor/aitorsm-homepage/pages/works/node_modules"]}
[19:31:22.099] DirectoryWatcher:: Added:: WatchInfo: c:/Users/aitor/aitorsm-homepage/components/bower_components
[19:31:22.099] DirectoryWatcher:: Added:: WatchInfo: c:/Users/aitor/aitorsm-homepage/components/bower_components 1 undefined Project: /dev/null/inferredProject3* watcher already invoked: false
[19:31:22.099] Elapsed:: 0.09310000017285347ms DirectoryWatcher:: Added:: WatchInfo: c:/Users/aitor/aitorsm-homepage/components/bower_components 1 undefined Project: /dev/null/inferredProject3* watcher already invoked: false
[19:31:22.100] DirectoryWatcher:: Added:: WatchInfo: c:/Users/aitor/aitorsm-homepage/components/node_modules
[19:31:22.100] DirectoryWatcher:: Added:: WatchInfo: c:/Users/aitor/aitorsm-homepage/components/node_modules 1 undefined Project: /dev/null/inferredProject3* watcher already invoked: false
[19:31:22.100] Elapsed:: 0.08919999934732914ms DirectoryWatcher:: Added:: WatchInfo: c:/Users/aitor/aitorsm-homepage/components/node_modules 1 undefined Project: /dev/null/inferredProject3* watcher already invoked: false
[19:31:22.101] DirectoryWatcher:: Added:: WatchInfo: c:/Users/aitor/aitorsm-homepage/components/layouts/bower_components
[19:31:22.101] DirectoryWatcher:: Added:: WatchInfo: c:/Users/aitor/aitorsm-homepage/components/layouts/bower_components 1 undefined Project: /dev/null/inferredProject3* watcher already invoked: false
[19:31:22.101] Elapsed:: 0.08420000039041042ms DirectoryWatcher:: Added:: WatchInfo: c:/Users/aitor/aitorsm-homepage/components/layouts/bower_components 1 undefined Project: /dev/null/inferredProject3* watcher already invoked: false
[19:31:22.102] DirectoryWatcher:: Added:: WatchInfo: c:/Users/aitor/aitorsm-homepage/components/layouts/node_modules
[19:31:22.102] DirectoryWatcher:: Added:: WatchInfo: c:/Users/aitor/aitorsm-homepage/components/layouts/node_modules 1 undefined Project: /dev/null/inferredProject3* watcher already invoked: false
[19:31:22.102] Elapsed:: 0.07859999965876341ms DirectoryWatcher:: Added:: WatchInfo: c:/Users/aitor/aitorsm-homepage/components/layouts/node_modules 1 undefined Project: /dev/null/inferredProject3* watcher already invoked: false
[19:31:22.103] DirectoryWatcher:: Added:: WatchInfo: c:/Users/aitor/aitorsm-homepage/lib/bower_components
[19:31:22.103] DirectoryWatcher:: Added:: WatchInfo: c:/Users/aitor/aitorsm-homepage/lib/bower_components 1 undefined Project: /dev/null/inferredProject3* watcher already invoked: false
[19:31:22.103] Elapsed:: 0.08179999981075525ms DirectoryWatcher:: Added:: WatchInfo: c:/Users/aitor/aitorsm-homepage/lib/bower_components 1 undefined Project: /dev/null/inferredProject3* watcher already invoked: false
[19:31:22.104] DirectoryWatcher:: Added:: WatchInfo: c:/Users/aitor/aitorsm-homepage/lib/node_modules
[19:31:22.104] DirectoryWatcher:: Added:: WatchInfo: c:/Users/aitor/aitorsm-homepage/lib/node_modules 1 undefined Project: /dev/null/inferredProject3* watcher already invoked: false
[19:31:22.105] Elapsed:: 0.07990000024437904ms DirectoryWatcher:: Added:: WatchInfo: c:/Users/aitor/aitorsm-homepage/lib/node_modules 1 undefined Project: /dev/null/inferredProject3* watcher already invoked: false
[19:31:22.105] DirectoryWatcher:: Added:: WatchInfo: c:/Users/aitor/aitorsm-homepage/pages/works/bower_components
[19:31:22.105] DirectoryWatcher:: Added:: WatchInfo: c:/Users/aitor/aitorsm-homepage/pages/works/bower_components 1 undefined Project: /dev/null/inferredProject3* watcher already invoked: false
[19:31:22.106] Elapsed:: 0.08059999998658895ms DirectoryWatcher:: Added:: WatchInfo: c:/Users/aitor/aitorsm-homepage/pages/works/bower_components 1 undefined Project: /dev/null/inferredProject3* watcher already invoked: false
[19:31:22.106] DirectoryWatcher:: Added:: WatchInfo: c:/Users/aitor/aitorsm-homepage/pages/works/node_modules
[19:31:22.106] DirectoryWatcher:: Added:: WatchInfo: c:/Users/aitor/aitorsm-homepage/pages/works/node_modules 1 undefined Project: /dev/null/inferredProject3* watcher already invoked: false
[19:31:22.107] Elapsed:: 0.08169999998062849ms DirectoryWatcher:: Added:: WatchInfo: c:/Users/aitor/aitorsm-homepage/pages/works/node_modules 1 undefined Project: /dev/null/inferredProject3* watcher already invoked: false
[19:31:22.107] Sending response:
    {"projectName":"/dev/null/inferredProject3*","typeAcquisition":{"enable":true,"include":[],"exclude":[]},"compilerOptions":{"module":1,"target":3,"jsx":1,"allowJs":true,"allowSyntheticDefaultImports":true,"allowNonTsExtensions":true,"noEmitForJsFiles":true,"maxNodeModuleJsDepth":2},"typings":[],"unresolvedImports":[],"kind":"action::set"}
[19:31:22.107] Response has been sent.
[19:31:22.107] No new typings were requested as a result of typings discovery
[19:33:20.924] Got install request {"projectName":"/dev/null/inferredProject4*","fileNames":["c:/Users/aitor/aitorsm-homepage/node_modules/typescript/lib/lib.es5.d.ts","c:/Users/aitor/aitorsm-homepage/node_modules/typescript/lib/lib.es2015.d.ts","c:/Users/aitor/aitorsm-homepage/node_modules/typescript/lib/lib.es2016.d.ts","c:/Users/aitor/aitorsm-homepage/node_modules/typescript/lib/lib.dom.d.ts","c:/Users/aitor/aitorsm-homepage/node_modules/typescript/lib/lib.dom.iterable.d.ts","c:/Users/aitor/aitorsm-homepage/node_modules/typescript/lib/lib.webworker.importscripts.d.ts","c:/Users/aitor/aitorsm-homepage/node_modules/typescript/lib/lib.scripthost.d.ts","c:/Users/aitor/aitorsm-homepage/node_modules/typescript/lib/lib.es2015.core.d.ts","c:/Users/aitor/aitorsm-homepage/node_modules/typescript/lib/lib.es2015.collection.d.ts","c:/Users/aitor/aitorsm-homepage/node_modules/typescript/lib/lib.es2015.generator.d.ts","c:/Users/aitor/aitorsm-homepage/node_modules/typescript/lib/lib.es2015.iterable.d.ts","c:/Users/aitor/aitorsm-homepage/node_modules/typescript/lib/lib.es2015.promise.d.ts","c:/Users/aitor/aitorsm-homepage/node_modules/typescript/lib/lib.es2015.proxy.d.ts","c:/Users/aitor/aitorsm-homepage/node_modules/typescript/lib/lib.es2015.reflect.d.ts","c:/Users/aitor/aitorsm-homepage/node_modules/typescript/lib/lib.es2015.symbol.d.ts","c:/Users/aitor/aitorsm-homepage/node_modules/typescript/lib/lib.es2015.symbol.wellknown.d.ts","c:/Users/aitor/aitorsm-homepage/node_modules/typescript/lib/lib.es2016.array.include.d.ts","c:/Users/aitor/aitorsm-homepage/node_modules/typescript/lib/lib.es2016.full.d.ts","c:/Users/aitor/aitorsm-homepage/components/grid-item.js","c:/Users/aitor/aitorsm-homepage/components/layouts/article.js","c:/Users/aitor/aitorsm-homepage/components/work.js","c:/Users/aitor/aitorsm-homepage/components/paragraph.js","c:/Users/aitor/aitorsm-homepage/lib/theme.js","c:/Users/aitor/aitorsm-homepage/components/chakra.js","c:/Users/aitor/aitorsm-homepage/pages/works/gronor.js"],"compilerOptions":{"module":1,"target":3,"jsx":1,"allowJs":true,"allowSyntheticDefaultImports":true,"allowNonTsExtensions":true,"noEmitForJsFiles":true,"maxNodeModuleJsDepth":2},"typeAcquisition":{"enable":true,"include":[],"exclude":[]},"unresolvedImports":[],"projectRootPath":"c:/Users/aitor/aitorsm-homepage/pages/works","kind":"discover"}
[19:33:20.925] Explicitly included types: []
[19:33:20.926] Inferred typings from unresolved imports: []
[19:33:20.926] Result: {"cachedTypingPaths":[],"newTypingNames":[],"filesToWatch":["c:/Users/aitor/aitorsm-homepage/components/bower_components","c:/Users/aitor/aitorsm-homepage/components/node_modules","c:/Users/aitor/aitorsm-homepage/components/layouts/bower_components","c:/Users/aitor/aitorsm-homepage/components/layouts/node_modules","c:/Users/aitor/aitorsm-homepage/lib/bower_components","c:/Users/aitor/aitorsm-homepage/lib/node_modules","c:/Users/aitor/aitorsm-homepage/pages/works/bower_components","c:/Users/aitor/aitorsm-homepage/pages/works/node_modules"]}
[19:33:20.927] Finished typings discovery: {"cachedTypingPaths":[],"newTypingNames":[],"filesToWatch":["c:/Users/aitor/aitorsm-homepage/components/bower_components","c:/Users/aitor/aitorsm-homepage/components/node_modules","c:/Users/aitor/aitorsm-homepage/components/layouts/bower_components","c:/Users/aitor/aitorsm-homepage/components/layouts/node_modules","c:/Users/aitor/aitorsm-homepage/lib/bower_components","c:/Users/aitor/aitorsm-homepage/lib/node_modules","c:/Users/aitor/aitorsm-homepage/pages/works/bower_components","c:/Users/aitor/aitorsm-homepage/pages/works/node_modules"]}
[19:33:20.927] DirectoryWatcher:: Added:: WatchInfo: c:/Users/aitor/aitorsm-homepage/components/bower_components
[19:33:20.927] DirectoryWatcher:: Added:: WatchInfo: c:/Users/aitor/aitorsm-homepage/components/bower_components 1 undefined Project: /dev/null/inferredProject4* watcher already invoked: false
[19:33:20.928] Elapsed:: 0.09100000001490116ms DirectoryWatcher:: Added:: WatchInfo: c:/Users/aitor/aitorsm-homepage/components/bower_components 1 undefined Project: /dev/null/inferredProject4* watcher already invoked: false
[19:33:20.928] DirectoryWatcher:: Added:: WatchInfo: c:/Users/aitor/aitorsm-homepage/components/node_modules
[19:33:20.928] DirectoryWatcher:: Added:: WatchInfo: c:/Users/aitor/aitorsm-homepage/components/node_modules 1 undefined Project: /dev/null/inferredProject4* watcher already invoked: false
[19:33:20.928] Elapsed:: 0.08050000015646219ms DirectoryWatcher:: Added:: WatchInfo: c:/Users/aitor/aitorsm-homepage/components/node_modules 1 undefined Project: /dev/null/inferredProject4* watcher already invoked: false
[19:33:20.929] DirectoryWatcher:: Added:: WatchInfo: c:/Users/aitor/aitorsm-homepage/components/layouts/bower_components
[19:33:20.929] DirectoryWatcher:: Added:: WatchInfo: c:/Users/aitor/aitorsm-homepage/components/layouts/bower_components 1 undefined Project: /dev/null/inferredProject4* watcher already invoked: false
[19:33:20.929] Elapsed:: 0.08159999921917915ms DirectoryWatcher:: Added:: WatchInfo: c:/Users/aitor/aitorsm-homepage/components/layouts/bower_components 1 undefined Project: /dev/null/inferredProject4* watcher already invoked: false
[19:33:20.930] DirectoryWatcher:: Added:: WatchInfo: c:/Users/aitor/aitorsm-homepage/components/layouts/node_modules
[19:33:20.930] DirectoryWatcher:: Added:: WatchInfo: c:/Users/aitor/aitorsm-homepage/components/layouts/node_modules 1 undefined Project: /dev/null/inferredProject4* watcher already invoked: false
[19:33:20.931] Elapsed:: 0.08569999970495701ms DirectoryWatcher:: Added:: WatchInfo: c:/Users/aitor/aitorsm-homepage/components/layouts/node_modules 1 undefined Project: /dev/null/inferredProject4* watcher already invoked: false
[19:33:20.931] DirectoryWatcher:: Added:: WatchInfo: c:/Users/aitor/aitorsm-homepage/lib/bower_components
[19:33:20.931] DirectoryWatcher:: Added:: WatchInfo: c:/Users/aitor/aitorsm-homepage/lib/bower_components 1 undefined Project: /dev/null/inferredProject4* watcher already invoked: false
[19:33:20.932] Elapsed:: 0.08069999981671572ms DirectoryWatcher:: Added:: WatchInfo: c:/Users/aitor/aitorsm-homepage/lib/bower_components 1 undefined Project: /dev/null/inferredProject4* watcher already invoked: false
[19:33:20.932] DirectoryWatcher:: Added:: WatchInfo: c:/Users/aitor/aitorsm-homepage/lib/node_modules
[19:33:20.932] DirectoryWatcher:: Added:: WatchInfo: c:/Users/aitor/aitorsm-homepage/lib/node_modules 1 undefined Project: /dev/null/inferredProject4* watcher already invoked: false
[19:33:20.933] Elapsed:: 0.10759999975562096ms DirectoryWatcher:: Added:: WatchInfo: c:/Users/aitor/aitorsm-homepage/lib/node_modules 1 undefined Project: /dev/null/inferredProject4* watcher already invoked: false
[19:33:20.933] DirectoryWatcher:: Added:: WatchInfo: c:/Users/aitor/aitorsm-homepage/pages/works/bower_components
[19:33:20.934] DirectoryWatcher:: Added:: WatchInfo: c:/Users/aitor/aitorsm-homepage/pages/works/bower_components 1 undefined Project: /dev/null/inferredProject4* watcher already invoked: false
[19:33:20.934] Elapsed:: 0.10649999976158142ms DirectoryWatcher:: Added:: WatchInfo: c:/Users/aitor/aitorsm-homepage/pages/works/bower_components 1 undefined Project: /dev/null/inferredProject4* watcher already invoked: false
[19:33:20.934] DirectoryWatcher:: Added:: WatchInfo: c:/Users/aitor/aitorsm-homepage/pages/works/node_modules
[19:33:20.935] DirectoryWatcher:: Added:: WatchInfo: c:/Users/aitor/aitorsm-homepage/pages/works/node_modules 1 undefined Project: /dev/null/inferredProject4* watcher already invoked: false
[19:33:20.935] Elapsed:: 0.09499999973922968ms DirectoryWatcher:: Added:: WatchInfo: c:/Users/aitor/aitorsm-homepage/pages/works/node_modules 1 undefined Project: /dev/null/inferredProject4* watcher already invoked: false
[19:33:20.935] Sending response:
    {"projectName":"/dev/null/inferredProject4*","typeAcquisition":{"enable":true,"include":[],"exclude":[]},"compilerOptions":{"module":1,"target":3,"jsx":1,"allowJs":true,"allowSyntheticDefaultImports":true,"allowNonTsExtensions":true,"noEmitForJsFiles":true,"maxNodeModuleJsDepth":2},"typings":[],"unresolvedImports":[],"kind":"action::set"}
[19:33:20.936] Response has been sent.
[19:33:20.936] No new typings were requested as a result of typings discovery
