[21:14:37.302] Global cache location 'C:/Users/aitor/AppData/Local/Microsoft/TypeScript/4.6', safe file path 'c:/users/aitor/aitorsm-homepage/node_modules/typescript/lib/typingsafelist.json', types map path c:/users/aitor/aitorsm-homepage/node_modules/typescript/lib/typesmap.json
[21:14:37.304] Processing cache location 'C:/Users/aitor/AppData/Local/Microsoft/TypeScript/4.6'
[21:14:37.305] Trying to find 'C:/Users/aitor/AppData/Local/Microsoft/TypeScript/4.6/package.json'...
[21:14:37.306] Loaded content of 'C:/Users/aitor/AppData/Local/Microsoft/TypeScript/4.6/package.json': {"private":true,"dependencies":{"types-registry":"^0.1.601"},"devDependencies":{"@types/eslint":"^8.4.5","@types/prettier":"^2.6.3","@types/react":"^18.0.15","@types/react-dom":"^18.0.6","@types/three":"^0.141.0"}}
[21:14:37.307] Loaded content of 'C:/Users/aitor/AppData/Local/Microsoft/TypeScript/4.6/package-lock.json'
[21:14:37.326] Adding entry into typings cache: 'eslint' => 'C:/Users/aitor/AppData/Local/Microsoft/TypeScript/4.6/node_modules/@types/eslint/index.d.ts'
[21:14:37.331] Adding entry into typings cache: 'prettier' => 'C:/Users/aitor/AppData/Local/Microsoft/TypeScript/4.6/node_modules/@types/prettier/index.d.ts'
[21:14:37.338] Adding entry into typings cache: 'react' => 'C:/Users/aitor/AppData/Local/Microsoft/TypeScript/4.6/node_modules/@types/react/index.d.ts'
[21:14:37.343] Adding entry into typings cache: 'react-dom' => 'C:/Users/aitor/AppData/Local/Microsoft/TypeScript/4.6/node_modules/@types/react-dom/index.d.ts'
[21:14:37.346] Adding entry into typings cache: 'three' => 'C:/Users/aitor/AppData/Local/Microsoft/TypeScript/4.6/node_modules/@types/three/index.d.ts'
[21:14:37.347] Finished processing cache location 'C:/Users/aitor/AppData/Local/Microsoft/TypeScript/4.6'
[21:14:37.348] Process id: 19224
[21:14:37.348] NPM location: "C:\Program Files\nodejs\npm" (explicit '--npmLocation' not  provided)
[21:14:37.348] validateDefaultNpmLocation: false
[21:14:37.349] Npm config file: C:/Users/aitor/AppData/Local/Microsoft/TypeScript/4.6/package.json
[21:14:37.349] Updating types-registry npm package...
[21:14:37.350] Exec: "C:\Program Files\nodejs\npm" install --ignore-scripts types-registry@latest
[21:14:39.448]     Succeeded. stdout:
    
    up to date, audited 13 packages in 652ms

found 0 vulnerabilities

[21:14:39.449] Updated types-registry npm package
[21:14:48.281] Got install request {"projectName":"/dev/null/inferredProject1*","fileNames":["c:/Users/aitor/aitorsm-homepage/node_modules/typescript/lib/lib.es5.d.ts","c:/Users/aitor/aitorsm-homepage/node_modules/typescript/lib/lib.es2015.d.ts","c:/Users/aitor/aitorsm-homepage/node_modules/typescript/lib/lib.es2016.d.ts","c:/Users/aitor/aitorsm-homepage/node_modules/typescript/lib/lib.dom.d.ts","c:/Users/aitor/aitorsm-homepage/node_modules/typescript/lib/lib.dom.iterable.d.ts","c:/Users/aitor/aitorsm-homepage/node_modules/typescript/lib/lib.webworker.importscripts.d.ts","c:/Users/aitor/aitorsm-homepage/node_modules/typescript/lib/lib.scripthost.d.ts","c:/Users/aitor/aitorsm-homepage/node_modules/typescript/lib/lib.es2015.core.d.ts","c:/Users/aitor/aitorsm-homepage/node_modules/typescript/lib/lib.es2015.collection.d.ts","c:/Users/aitor/aitorsm-homepage/node_modules/typescript/lib/lib.es2015.generator.d.ts","c:/Users/aitor/aitorsm-homepage/node_modules/typescript/lib/lib.es2015.iterable.d.ts","c:/Users/aitor/aitorsm-homepage/node_modules/typescript/lib/lib.es2015.promise.d.ts","c:/Users/aitor/aitorsm-homepage/node_modules/typescript/lib/lib.es2015.proxy.d.ts","c:/Users/aitor/aitorsm-homepage/node_modules/typescript/lib/lib.es2015.reflect.d.ts","c:/Users/aitor/aitorsm-homepage/node_modules/typescript/lib/lib.es2015.symbol.d.ts","c:/Users/aitor/aitorsm-homepage/node_modules/typescript/lib/lib.es2015.symbol.wellknown.d.ts","c:/Users/aitor/aitorsm-homepage/node_modules/typescript/lib/lib.es2016.array.include.d.ts","c:/Users/aitor/aitorsm-homepage/node_modules/typescript/lib/lib.es2016.full.d.ts","c:/Users/aitor/aitorsm-homepage/lib/theme.js"],"compilerOptions":{"module":1,"target":3,"jsx":1,"allowJs":true,"allowSyntheticDefaultImports":true,"allowNonTsExtensions":true,"noEmitForJsFiles":true,"maxNodeModuleJsDepth":2},"typeAcquisition":{"enable":true,"include":[],"exclude":[]},"unresolvedImports":[],"projectRootPath":"c:/Users/aitor/aitorsm-homepage/lib","kind":"discover"}
[21:14:48.299] Loaded safelist from types map file 'c:/users/aitor/aitorsm-homepage/node_modules/typescript/lib/typesmap.json'
[21:14:48.300] Explicitly included types: []
[21:14:48.302] Inferred typings from unresolved imports: []
[21:14:48.302] Result: {"cachedTypingPaths":[],"newTypingNames":[],"filesToWatch":["c:/Users/aitor/aitorsm-homepage/lib/bower_components","c:/Users/aitor/aitorsm-homepage/lib/node_modules"]}
[21:14:48.303] Finished typings discovery: {"cachedTypingPaths":[],"newTypingNames":[],"filesToWatch":["c:/Users/aitor/aitorsm-homepage/lib/bower_components","c:/Users/aitor/aitorsm-homepage/lib/node_modules"]}
[21:14:48.304] DirectoryWatcher:: Added:: WatchInfo: c:/Users/aitor/aitorsm-homepage/lib/bower_components
[21:14:48.304] DirectoryWatcher:: Added:: WatchInfo: c:/Users/aitor/aitorsm-homepage/lib/bower_components 1 undefined Project: /dev/null/inferredProject1* watcher already invoked: false
[21:14:48.306] Elapsed:: 1.6077999994158745ms DirectoryWatcher:: Added:: WatchInfo: c:/Users/aitor/aitorsm-homepage/lib/bower_components 1 undefined Project: /dev/null/inferredProject1* watcher already invoked: false
[21:14:48.307] DirectoryWatcher:: Added:: WatchInfo: c:/Users/aitor/aitorsm-homepage/lib/node_modules
[21:14:48.307] DirectoryWatcher:: Added:: WatchInfo: c:/Users/aitor/aitorsm-homepage/lib/node_modules 1 undefined Project: /dev/null/inferredProject1* watcher already invoked: false
[21:14:48.308] Elapsed:: 0.161999998614192ms DirectoryWatcher:: Added:: WatchInfo: c:/Users/aitor/aitorsm-homepage/lib/node_modules 1 undefined Project: /dev/null/inferredProject1* watcher already invoked: false
[21:14:48.308] Sending response:
    {"projectName":"/dev/null/inferredProject1*","typeAcquisition":{"enable":true,"include":[],"exclude":[]},"compilerOptions":{"module":1,"target":3,"jsx":1,"allowJs":true,"allowSyntheticDefaultImports":true,"allowNonTsExtensions":true,"noEmitForJsFiles":true,"maxNodeModuleJsDepth":2},"typings":[],"unresolvedImports":[],"kind":"action::set"}
[21:14:48.309] Response has been sent.
[21:14:48.309] No new typings were requested as a result of typings discovery
[21:20:59.575] Got install request {"projectName":"/dev/null/inferredProject2*","fileNames":["c:/Users/aitor/aitorsm-homepage/node_modules/typescript/lib/lib.es5.d.ts","c:/Users/aitor/aitorsm-homepage/node_modules/typescript/lib/lib.es2015.d.ts","c:/Users/aitor/aitorsm-homepage/node_modules/typescript/lib/lib.es2016.d.ts","c:/Users/aitor/aitorsm-homepage/node_modules/typescript/lib/lib.dom.d.ts","c:/Users/aitor/aitorsm-homepage/node_modules/typescript/lib/lib.dom.iterable.d.ts","c:/Users/aitor/aitorsm-homepage/node_modules/typescript/lib/lib.webworker.importscripts.d.ts","c:/Users/aitor/aitorsm-homepage/node_modules/typescript/lib/lib.scripthost.d.ts","c:/Users/aitor/aitorsm-homepage/node_modules/typescript/lib/lib.es2015.core.d.ts","c:/Users/aitor/aitorsm-homepage/node_modules/typescript/lib/lib.es2015.collection.d.ts","c:/Users/aitor/aitorsm-homepage/node_modules/typescript/lib/lib.es2015.generator.d.ts","c:/Users/aitor/aitorsm-homepage/node_modules/typescript/lib/lib.es2015.iterable.d.ts","c:/Users/aitor/aitorsm-homepage/node_modules/typescript/lib/lib.es2015.promise.d.ts","c:/Users/aitor/aitorsm-homepage/node_modules/typescript/lib/lib.es2015.proxy.d.ts","c:/Users/aitor/aitorsm-homepage/node_modules/typescript/lib/lib.es2015.reflect.d.ts","c:/Users/aitor/aitorsm-homepage/node_modules/typescript/lib/lib.es2015.symbol.d.ts","c:/Users/aitor/aitorsm-homepage/node_modules/typescript/lib/lib.es2015.symbol.wellknown.d.ts","c:/Users/aitor/aitorsm-homepage/node_modules/typescript/lib/lib.es2016.array.include.d.ts","c:/Users/aitor/aitorsm-homepage/node_modules/typescript/lib/lib.es2016.full.d.ts","c:/Users/aitor/aitorsm-homepage/components/paragraph.js","c:/Users/aitor/aitorsm-homepage/components/bio.js","c:/Users/aitor/aitorsm-homepage/components/grid-item.js","c:/Users/aitor/aitorsm-homepage/components/layouts/article.js","c:/Users/aitor/aitorsm-homepage/components/section.js","c:/Users/aitor/aitorsm-homepage/lib/theme.js","c:/Users/aitor/aitorsm-homepage/components/chakra.js","c:/Users/aitor/aitorsm-homepage/pages/index.js"],"compilerOptions":{"module":1,"target":3,"jsx":1,"allowJs":true,"allowSyntheticDefaultImports":true,"allowNonTsExtensions":true,"noEmitForJsFiles":true,"maxNodeModuleJsDepth":2},"typeAcquisition":{"enable":true,"include":[],"exclude":[]},"unresolvedImports":[],"projectRootPath":"c:/Users/aitor/aitorsm-homepage/pages","kind":"discover"}
[21:20:59.575] Explicitly included types: []
[21:20:59.577] Inferred typings from unresolved imports: []
[21:20:59.577] Result: {"cachedTypingPaths":[],"newTypingNames":[],"filesToWatch":["c:/Users/aitor/aitorsm-homepage/components/bower_components","c:/Users/aitor/aitorsm-homepage/components/node_modules","c:/Users/aitor/aitorsm-homepage/components/layouts/bower_components","c:/Users/aitor/aitorsm-homepage/components/layouts/node_modules","c:/Users/aitor/aitorsm-homepage/lib/bower_components","c:/Users/aitor/aitorsm-homepage/lib/node_modules","c:/Users/aitor/aitorsm-homepage/pages/bower_components","c:/Users/aitor/aitorsm-homepage/pages/node_modules"]}
[21:20:59.578] Finished typings discovery: {"cachedTypingPaths":[],"newTypingNames":[],"filesToWatch":["c:/Users/aitor/aitorsm-homepage/components/bower_components","c:/Users/aitor/aitorsm-homepage/components/node_modules","c:/Users/aitor/aitorsm-homepage/components/layouts/bower_components","c:/Users/aitor/aitorsm-homepage/components/layouts/node_modules","c:/Users/aitor/aitorsm-homepage/lib/bower_components","c:/Users/aitor/aitorsm-homepage/lib/node_modules","c:/Users/aitor/aitorsm-homepage/pages/bower_components","c:/Users/aitor/aitorsm-homepage/pages/node_modules"]}
[21:20:59.578] DirectoryWatcher:: Added:: WatchInfo: c:/Users/aitor/aitorsm-homepage/components/bower_components
[21:20:59.578] DirectoryWatcher:: Added:: WatchInfo: c:/Users/aitor/aitorsm-homepage/components/bower_components 1 undefined Project: /dev/null/inferredProject2* watcher already invoked: false
[21:20:59.579] Elapsed:: 0.20930000022053719ms DirectoryWatcher:: Added:: WatchInfo: c:/Users/aitor/aitorsm-homepage/components/bower_components 1 undefined Project: /dev/null/inferredProject2* watcher already invoked: false
[21:20:59.579] DirectoryWatcher:: Added:: WatchInfo: c:/Users/aitor/aitorsm-homepage/components/node_modules
[21:20:59.580] DirectoryWatcher:: Added:: WatchInfo: c:/Users/aitor/aitorsm-homepage/components/node_modules 1 undefined Project: /dev/null/inferredProject2* watcher already invoked: false
[21:20:59.580] Elapsed:: 0.17200000025331974ms DirectoryWatcher:: Added:: WatchInfo: c:/Users/aitor/aitorsm-homepage/components/node_modules 1 undefined Project: /dev/null/inferredProject2* watcher already invoked: false
[21:20:59.581] DirectoryWatcher:: Added:: WatchInfo: c:/Users/aitor/aitorsm-homepage/components/layouts/bower_components
[21:20:59.581] DirectoryWatcher:: Added:: WatchInfo: c:/Users/aitor/aitorsm-homepage/components/layouts/bower_components 1 undefined Project: /dev/null/inferredProject2* watcher already invoked: false
[21:20:59.581] Elapsed:: 0.15379999950528145ms DirectoryWatcher:: Added:: WatchInfo: c:/Users/aitor/aitorsm-homepage/components/layouts/bower_components 1 undefined Project: /dev/null/inferredProject2* watcher already invoked: false
[21:20:59.582] DirectoryWatcher:: Added:: WatchInfo: c:/Users/aitor/aitorsm-homepage/components/layouts/node_modules
[21:20:59.582] DirectoryWatcher:: Added:: WatchInfo: c:/Users/aitor/aitorsm-homepage/components/layouts/node_modules 1 undefined Project: /dev/null/inferredProject2* watcher already invoked: false
[21:20:59.582] Elapsed:: 0.15440000034868717ms DirectoryWatcher:: Added:: WatchInfo: c:/Users/aitor/aitorsm-homepage/components/layouts/node_modules 1 undefined Project: /dev/null/inferredProject2* watcher already invoked: false
[21:20:59.583] DirectoryWatcher:: Added:: WatchInfo: c:/Users/aitor/aitorsm-homepage/lib/bower_components
[21:20:59.583] DirectoryWatcher:: Added:: WatchInfo: c:/Users/aitor/aitorsm-homepage/lib/bower_components 1 undefined Project: /dev/null/inferredProject2* watcher already invoked: false
[21:20:59.584] Elapsed:: 0.11009999923408031ms DirectoryWatcher:: Added:: WatchInfo: c:/Users/aitor/aitorsm-homepage/lib/bower_components 1 undefined Project: /dev/null/inferredProject2* watcher already invoked: false
[21:20:59.584] DirectoryWatcher:: Added:: WatchInfo: c:/Users/aitor/aitorsm-homepage/lib/node_modules
[21:20:59.584] DirectoryWatcher:: Added:: WatchInfo: c:/Users/aitor/aitorsm-homepage/lib/node_modules 1 undefined Project: /dev/null/inferredProject2* watcher already invoked: false
[21:20:59.585] Elapsed:: 0.09889999963343143ms DirectoryWatcher:: Added:: WatchInfo: c:/Users/aitor/aitorsm-homepage/lib/node_modules 1 undefined Project: /dev/null/inferredProject2* watcher already invoked: false
[21:20:59.585] DirectoryWatcher:: Added:: WatchInfo: c:/Users/aitor/aitorsm-homepage/pages/bower_components
[21:20:59.585] DirectoryWatcher:: Added:: WatchInfo: c:/Users/aitor/aitorsm-homepage/pages/bower_components 1 undefined Project: /dev/null/inferredProject2* watcher already invoked: false
[21:20:59.586] Elapsed:: 0.2935000006109476ms DirectoryWatcher:: Added:: WatchInfo: c:/Users/aitor/aitorsm-homepage/pages/bower_components 1 undefined Project: /dev/null/inferredProject2* watcher already invoked: false
[21:20:59.586] DirectoryWatcher:: Added:: WatchInfo: c:/Users/aitor/aitorsm-homepage/pages/node_modules
[21:20:59.587] DirectoryWatcher:: Added:: WatchInfo: c:/Users/aitor/aitorsm-homepage/pages/node_modules 1 undefined Project: /dev/null/inferredProject2* watcher already invoked: false
[21:20:59.587] Elapsed:: 0.32139999978244305ms DirectoryWatcher:: Added:: WatchInfo: c:/Users/aitor/aitorsm-homepage/pages/node_modules 1 undefined Project: /dev/null/inferredProject2* watcher already invoked: false
[21:20:59.588] Sending response:
    {"projectName":"/dev/null/inferredProject2*","typeAcquisition":{"enable":true,"include":[],"exclude":[]},"compilerOptions":{"module":1,"target":3,"jsx":1,"allowJs":true,"allowSyntheticDefaultImports":true,"allowNonTsExtensions":true,"noEmitForJsFiles":true,"maxNodeModuleJsDepth":2},"typings":[],"unresolvedImports":[],"kind":"action::set"}
[21:20:59.588] Response has been sent.
[21:20:59.588] No new typings were requested as a result of typings discovery
[21:21:27.587] Got install request {"projectName":"/dev/null/inferredProject3*","fileNames":["c:/Users/aitor/aitorsm-homepage/node_modules/typescript/lib/lib.es5.d.ts","c:/Users/aitor/aitorsm-homepage/node_modules/typescript/lib/lib.es2015.d.ts","c:/Users/aitor/aitorsm-homepage/node_modules/typescript/lib/lib.es2016.d.ts","c:/Users/aitor/aitorsm-homepage/node_modules/typescript/lib/lib.dom.d.ts","c:/Users/aitor/aitorsm-homepage/node_modules/typescript/lib/lib.dom.iterable.d.ts","c:/Users/aitor/aitorsm-homepage/node_modules/typescript/lib/lib.webworker.importscripts.d.ts","c:/Users/aitor/aitorsm-homepage/node_modules/typescript/lib/lib.scripthost.d.ts","c:/Users/aitor/aitorsm-homepage/node_modules/typescript/lib/lib.es2015.core.d.ts","c:/Users/aitor/aitorsm-homepage/node_modules/typescript/lib/lib.es2015.collection.d.ts","c:/Users/aitor/aitorsm-homepage/node_modules/typescript/lib/lib.es2015.generator.d.ts","c:/Users/aitor/aitorsm-homepage/node_modules/typescript/lib/lib.es2015.iterable.d.ts","c:/Users/aitor/aitorsm-homepage/node_modules/typescript/lib/lib.es2015.promise.d.ts","c:/Users/aitor/aitorsm-homepage/node_modules/typescript/lib/lib.es2015.proxy.d.ts","c:/Users/aitor/aitorsm-homepage/node_modules/typescript/lib/lib.es2015.reflect.d.ts","c:/Users/aitor/aitorsm-homepage/node_modules/typescript/lib/lib.es2015.symbol.d.ts","c:/Users/aitor/aitorsm-homepage/node_modules/typescript/lib/lib.es2015.symbol.wellknown.d.ts","c:/Users/aitor/aitorsm-homepage/node_modules/typescript/lib/lib.es2016.array.include.d.ts","c:/Users/aitor/aitorsm-homepage/node_modules/typescript/lib/lib.es2016.full.d.ts","c:/Users/aitor/aitorsm-homepage/components/logo.js","c:/Users/aitor/aitorsm-homepage/components/theme-toggle-button.js","c:/Users/aitor/aitorsm-homepage/components/navbar.js"],"compilerOptions":{"module":1,"target":3,"jsx":1,"allowJs":true,"allowSyntheticDefaultImports":true,"allowNonTsExtensions":true,"noEmitForJsFiles":true,"maxNodeModuleJsDepth":2},"typeAcquisition":{"enable":true,"include":[],"exclude":[]},"unresolvedImports":[],"projectRootPath":"c:/Users/aitor/aitorsm-homepage/components","kind":"discover"}
[21:21:27.587] Explicitly included types: []
[21:21:27.588] Inferred typings from unresolved imports: []
[21:21:27.588] Result: {"cachedTypingPaths":[],"newTypingNames":[],"filesToWatch":["c:/Users/aitor/aitorsm-homepage/components/bower_components","c:/Users/aitor/aitorsm-homepage/components/node_modules"]}
[21:21:27.589] Finished typings discovery: {"cachedTypingPaths":[],"newTypingNames":[],"filesToWatch":["c:/Users/aitor/aitorsm-homepage/components/bower_components","c:/Users/aitor/aitorsm-homepage/components/node_modules"]}
[21:21:27.589] DirectoryWatcher:: Added:: WatchInfo: c:/Users/aitor/aitorsm-homepage/components/bower_components
[21:21:27.589] DirectoryWatcher:: Added:: WatchInfo: c:/Users/aitor/aitorsm-homepage/components/bower_components 1 undefined Project: /dev/null/inferredProject3* watcher already invoked: false
[21:21:27.590] Elapsed:: 0.1212999988347292ms DirectoryWatcher:: Added:: WatchInfo: c:/Users/aitor/aitorsm-homepage/components/bower_components 1 undefined Project: /dev/null/inferredProject3* watcher already invoked: false
[21:21:27.590] DirectoryWatcher:: Added:: WatchInfo: c:/Users/aitor/aitorsm-homepage/components/node_modules
[21:21:27.591] DirectoryWatcher:: Added:: WatchInfo: c:/Users/aitor/aitorsm-homepage/components/node_modules 1 undefined Project: /dev/null/inferredProject3* watcher already invoked: false
[21:21:27.591] Elapsed:: 0.11050000041723251ms DirectoryWatcher:: Added:: WatchInfo: c:/Users/aitor/aitorsm-homepage/components/node_modules 1 undefined Project: /dev/null/inferredProject3* watcher already invoked: false
[21:21:27.591] Sending response:
    {"projectName":"/dev/null/inferredProject3*","typeAcquisition":{"enable":true,"include":[],"exclude":[]},"compilerOptions":{"module":1,"target":3,"jsx":1,"allowJs":true,"allowSyntheticDefaultImports":true,"allowNonTsExtensions":true,"noEmitForJsFiles":true,"maxNodeModuleJsDepth":2},"typings":[],"unresolvedImports":[],"kind":"action::set"}
[21:21:27.592] Response has been sent.
[21:21:27.592] No new typings were requested as a result of typings discovery
[21:23:07.906] Got install request {"projectName":"/dev/null/inferredProject4*","fileNames":["c:/Users/aitor/aitorsm-homepage/node_modules/typescript/lib/lib.es5.d.ts","c:/Users/aitor/aitorsm-homepage/node_modules/typescript/lib/lib.es2015.d.ts","c:/Users/aitor/aitorsm-homepage/node_modules/typescript/lib/lib.es2016.d.ts","c:/Users/aitor/aitorsm-homepage/node_modules/typescript/lib/lib.dom.d.ts","c:/Users/aitor/aitorsm-homepage/node_modules/typescript/lib/lib.dom.iterable.d.ts","c:/Users/aitor/aitorsm-homepage/node_modules/typescript/lib/lib.webworker.importscripts.d.ts","c:/Users/aitor/aitorsm-homepage/node_modules/typescript/lib/lib.scripthost.d.ts","c:/Users/aitor/aitorsm-homepage/node_modules/typescript/lib/lib.es2015.core.d.ts","c:/Users/aitor/aitorsm-homepage/node_modules/typescript/lib/lib.es2015.collection.d.ts","c:/Users/aitor/aitorsm-homepage/node_modules/typescript/lib/lib.es2015.generator.d.ts","c:/Users/aitor/aitorsm-homepage/node_modules/typescript/lib/lib.es2015.iterable.d.ts","c:/Users/aitor/aitorsm-homepage/node_modules/typescript/lib/lib.es2015.promise.d.ts","c:/Users/aitor/aitorsm-homepage/node_modules/typescript/lib/lib.es2015.proxy.d.ts","c:/Users/aitor/aitorsm-homepage/node_modules/typescript/lib/lib.es2015.reflect.d.ts","c:/Users/aitor/aitorsm-homepage/node_modules/typescript/lib/lib.es2015.symbol.d.ts","c:/Users/aitor/aitorsm-homepage/node_modules/typescript/lib/lib.es2015.symbol.wellknown.d.ts","c:/Users/aitor/aitorsm-homepage/node_modules/typescript/lib/lib.es2016.array.include.d.ts","c:/Users/aitor/aitorsm-homepage/node_modules/typescript/lib/lib.es2016.full.d.ts","c:/Users/aitor/aitorsm-homepage/components/logo.js","c:/Users/aitor/aitorsm-homepage/components/theme-toggle-button.js","c:/Users/aitor/aitorsm-homepage/components/navbar.js","c:/Users/aitor/aitorsm-homepage/components/footer.js","c:/Users/aitor/aitorsm-homepage/components/voxel-dog-loader.js","c:/Users/aitor/aitorsm-homepage/lib/model.js","c:/Users/aitor/aitorsm-homepage/components/voxel-dog.js","c:/Users/aitor/aitorsm-homepage/components/layouts/main.js"],"compilerOptions":{"module":1,"target":3,"jsx":1,"allowJs":true,"allowSyntheticDefaultImports":true,"allowNonTsExtensions":true,"noEmitForJsFiles":true,"maxNodeModuleJsDepth":2},"typeAcquisition":{"enable":true,"include":[],"exclude":[]},"unresolvedImports":[],"projectRootPath":"c:/Users/aitor/aitorsm-homepage/components/layouts","kind":"discover"}
[21:23:07.907] Explicitly included types: []
[21:23:07.908] Inferred typings from unresolved imports: []
[21:23:07.908] Result: {"cachedTypingPaths":[],"newTypingNames":[],"filesToWatch":["c:/Users/aitor/aitorsm-homepage/components/bower_components","c:/Users/aitor/aitorsm-homepage/components/node_modules","c:/Users/aitor/aitorsm-homepage/lib/bower_components","c:/Users/aitor/aitorsm-homepage/lib/node_modules","c:/Users/aitor/aitorsm-homepage/components/layouts/bower_components","c:/Users/aitor/aitorsm-homepage/components/layouts/node_modules"]}
[21:23:07.908] Finished typings discovery: {"cachedTypingPaths":[],"newTypingNames":[],"filesToWatch":["c:/Users/aitor/aitorsm-homepage/components/bower_components","c:/Users/aitor/aitorsm-homepage/components/node_modules","c:/Users/aitor/aitorsm-homepage/lib/bower_components","c:/Users/aitor/aitorsm-homepage/lib/node_modules","c:/Users/aitor/aitorsm-homepage/components/layouts/bower_components","c:/Users/aitor/aitorsm-homepage/components/layouts/node_modules"]}
[21:23:07.909] DirectoryWatcher:: Added:: WatchInfo: c:/Users/aitor/aitorsm-homepage/components/bower_components
[21:23:07.909] DirectoryWatcher:: Added:: WatchInfo: c:/Users/aitor/aitorsm-homepage/components/bower_components 1 undefined Project: /dev/null/inferredProject4* watcher already invoked: false
[21:23:07.910] Elapsed:: 0.2854999992996454ms DirectoryWatcher:: Added:: WatchInfo: c:/Users/aitor/aitorsm-homepage/components/bower_components 1 undefined Project: /dev/null/inferredProject4* watcher already invoked: false
[21:23:07.910] DirectoryWatcher:: Added:: WatchInfo: c:/Users/aitor/aitorsm-homepage/components/node_modules
[21:23:07.910] DirectoryWatcher:: Added:: WatchInfo: c:/Users/aitor/aitorsm-homepage/components/node_modules 1 undefined Project: /dev/null/inferredProject4* watcher already invoked: false
[21:23:07.911] Elapsed:: 0.09900000132620335ms DirectoryWatcher:: Added:: WatchInfo: c:/Users/aitor/aitorsm-homepage/components/node_modules 1 undefined Project: /dev/null/inferredProject4* watcher already invoked: false
[21:23:07.911] DirectoryWatcher:: Added:: WatchInfo: c:/Users/aitor/aitorsm-homepage/lib/bower_components
[21:23:07.911] DirectoryWatcher:: Added:: WatchInfo: c:/Users/aitor/aitorsm-homepage/lib/bower_components 1 undefined Project: /dev/null/inferredProject4* watcher already invoked: false
[21:23:07.912] Elapsed:: 0.09290000051259995ms DirectoryWatcher:: Added:: WatchInfo: c:/Users/aitor/aitorsm-homepage/lib/bower_components 1 undefined Project: /dev/null/inferredProject4* watcher already invoked: false
[21:23:07.912] DirectoryWatcher:: Added:: WatchInfo: c:/Users/aitor/aitorsm-homepage/lib/node_modules
[21:23:07.912] DirectoryWatcher:: Added:: WatchInfo: c:/Users/aitor/aitorsm-homepage/lib/node_modules 1 undefined Project: /dev/null/inferredProject4* watcher already invoked: false
[21:23:07.913] Elapsed:: 0.09599999897181988ms DirectoryWatcher:: Added:: WatchInfo: c:/Users/aitor/aitorsm-homepage/lib/node_modules 1 undefined Project: /dev/null/inferredProject4* watcher already invoked: false
[21:23:07.913] DirectoryWatcher:: Added:: WatchInfo: c:/Users/aitor/aitorsm-homepage/components/layouts/bower_components
[21:23:07.913] DirectoryWatcher:: Added:: WatchInfo: c:/Users/aitor/aitorsm-homepage/components/layouts/bower_components 1 undefined Project: /dev/null/inferredProject4* watcher already invoked: false
[21:23:07.914] Elapsed:: 0.0840000007301569ms DirectoryWatcher:: Added:: WatchInfo: c:/Users/aitor/aitorsm-homepage/components/layouts/bower_components 1 undefined Project: /dev/null/inferredProject4* watcher already invoked: false
[21:23:07.914] DirectoryWatcher:: Added:: WatchInfo: c:/Users/aitor/aitorsm-homepage/components/layouts/node_modules
[21:23:07.914] DirectoryWatcher:: Added:: WatchInfo: c:/Users/aitor/aitorsm-homepage/components/layouts/node_modules 1 undefined Project: /dev/null/inferredProject4* watcher already invoked: false
[21:23:07.915] Elapsed:: 0.20729999989271164ms DirectoryWatcher:: Added:: WatchInfo: c:/Users/aitor/aitorsm-homepage/components/layouts/node_modules 1 undefined Project: /dev/null/inferredProject4* watcher already invoked: false
[21:23:07.915] Sending response:
    {"projectName":"/dev/null/inferredProject4*","typeAcquisition":{"enable":true,"include":[],"exclude":[]},"compilerOptions":{"module":1,"target":3,"jsx":1,"allowJs":true,"allowSyntheticDefaultImports":true,"allowNonTsExtensions":true,"noEmitForJsFiles":true,"maxNodeModuleJsDepth":2},"typings":[],"unresolvedImports":[],"kind":"action::set"}
[21:23:07.916] Response has been sent.
[21:23:07.916] No new typings were requested as a result of typings discovery
