[23:37:15.746] Global cache location 'C:/Users/aitor/AppData/Local/Microsoft/TypeScript/4.6', safe file path 'c:/users/aitor/aitorsm-homepage/node_modules/typescript/lib/typingsafelist.json', types map path c:/users/aitor/aitorsm-homepage/node_modules/typescript/lib/typesmap.json
[23:37:15.748] Processing cache location 'C:/Users/aitor/AppData/Local/Microsoft/TypeScript/4.6'
[23:37:15.748] Trying to find 'C:/Users/aitor/AppData/Local/Microsoft/TypeScript/4.6/package.json'...
[23:37:15.759] Loaded content of 'C:/Users/aitor/AppData/Local/Microsoft/TypeScript/4.6/package.json': {"private":true,"dependencies":{"types-registry":"^0.1.601"},"devDependencies":{"@types/three":"^0.141.0"}}
[23:37:15.759] Loaded content of 'C:/Users/aitor/AppData/Local/Microsoft/TypeScript/4.6/package-lock.json'
[23:37:15.782] Adding entry into typings cache: 'three' => 'C:/Users/aitor/AppData/Local/Microsoft/TypeScript/4.6/node_modules/@types/three/index.d.ts'
[23:37:15.782] Finished processing cache location 'C:/Users/aitor/AppData/Local/Microsoft/TypeScript/4.6'
[23:37:15.783] Process id: 17584
[23:37:15.784] NPM location: "C:\Program Files\nodejs\npm" (explicit '--npmLocation' not  provided)
[23:37:15.784] validateDefaultNpmLocation: false
[23:37:15.785] Npm config file: C:/Users/aitor/AppData/Local/Microsoft/TypeScript/4.6/package.json
[23:37:15.785] Updating types-registry npm package...
[23:37:15.786] Exec: "C:\Program Files\nodejs\npm" install --ignore-scripts types-registry@latest
[23:37:18.607]     Succeeded. stdout:
    
    up to date, audited 4 packages in 1s

found 0 vulnerabilities

[23:37:18.607] Updated types-registry npm package
[23:37:29.856] Got install request {"projectName":"/dev/null/inferredProject1*","fileNames":["c:/Users/aitor/aitorsm-homepage/node_modules/typescript/lib/lib.es5.d.ts","c:/Users/aitor/aitorsm-homepage/node_modules/typescript/lib/lib.es2015.d.ts","c:/Users/aitor/aitorsm-homepage/node_modules/typescript/lib/lib.es2016.d.ts","c:/Users/aitor/aitorsm-homepage/node_modules/typescript/lib/lib.dom.d.ts","c:/Users/aitor/aitorsm-homepage/node_modules/typescript/lib/lib.dom.iterable.d.ts","c:/Users/aitor/aitorsm-homepage/node_modules/typescript/lib/lib.webworker.importscripts.d.ts","c:/Users/aitor/aitorsm-homepage/node_modules/typescript/lib/lib.scripthost.d.ts","c:/Users/aitor/aitorsm-homepage/node_modules/typescript/lib/lib.es2015.core.d.ts","c:/Users/aitor/aitorsm-homepage/node_modules/typescript/lib/lib.es2015.collection.d.ts","c:/Users/aitor/aitorsm-homepage/node_modules/typescript/lib/lib.es2015.generator.d.ts","c:/Users/aitor/aitorsm-homepage/node_modules/typescript/lib/lib.es2015.iterable.d.ts","c:/Users/aitor/aitorsm-homepage/node_modules/typescript/lib/lib.es2015.promise.d.ts","c:/Users/aitor/aitorsm-homepage/node_modules/typescript/lib/lib.es2015.proxy.d.ts","c:/Users/aitor/aitorsm-homepage/node_modules/typescript/lib/lib.es2015.reflect.d.ts","c:/Users/aitor/aitorsm-homepage/node_modules/typescript/lib/lib.es2015.symbol.d.ts","c:/Users/aitor/aitorsm-homepage/node_modules/typescript/lib/lib.es2015.symbol.wellknown.d.ts","c:/Users/aitor/aitorsm-homepage/node_modules/typescript/lib/lib.es2016.array.include.d.ts","c:/Users/aitor/aitorsm-homepage/node_modules/typescript/lib/lib.es2016.full.d.ts","c:/Users/aitor/aitorsm-homepage/components/paragraph.js","c:/Users/aitor/aitorsm-homepage/components/bio.js","c:/Users/aitor/aitorsm-homepage/components/grid-item.js","c:/Users/aitor/aitorsm-homepage/components/layouts/article.js","c:/Users/aitor/aitorsm-homepage/components/section.js","c:/Users/aitor/aitorsm-homepage/lib/theme.js","c:/Users/aitor/aitorsm-homepage/components/chakra.js","c:/Users/aitor/aitorsm-homepage/pages/index.js"],"compilerOptions":{"module":1,"target":3,"jsx":1,"allowJs":true,"allowSyntheticDefaultImports":true,"allowNonTsExtensions":true,"noEmitForJsFiles":true,"maxNodeModuleJsDepth":2},"typeAcquisition":{"enable":true,"include":[],"exclude":[]},"unresolvedImports":[],"projectRootPath":"c:/Users/aitor/aitorsm-homepage/pages","kind":"discover"}
[23:37:29.874] Loaded safelist from types map file 'c:/users/aitor/aitorsm-homepage/node_modules/typescript/lib/typesmap.json'
[23:37:29.875] Explicitly included types: []
[23:37:29.878] Inferred typings from unresolved imports: []
[23:37:29.878] Result: {"cachedTypingPaths":[],"newTypingNames":[],"filesToWatch":["c:/Users/aitor/aitorsm-homepage/components/bower_components","c:/Users/aitor/aitorsm-homepage/components/node_modules","c:/Users/aitor/aitorsm-homepage/components/layouts/bower_components","c:/Users/aitor/aitorsm-homepage/components/layouts/node_modules","c:/Users/aitor/aitorsm-homepage/lib/bower_components","c:/Users/aitor/aitorsm-homepage/lib/node_modules","c:/Users/aitor/aitorsm-homepage/pages/bower_components","c:/Users/aitor/aitorsm-homepage/pages/node_modules"]}
[23:37:29.879] Finished typings discovery: {"cachedTypingPaths":[],"newTypingNames":[],"filesToWatch":["c:/Users/aitor/aitorsm-homepage/components/bower_components","c:/Users/aitor/aitorsm-homepage/components/node_modules","c:/Users/aitor/aitorsm-homepage/components/layouts/bower_components","c:/Users/aitor/aitorsm-homepage/components/layouts/node_modules","c:/Users/aitor/aitorsm-homepage/lib/bower_components","c:/Users/aitor/aitorsm-homepage/lib/node_modules","c:/Users/aitor/aitorsm-homepage/pages/bower_components","c:/Users/aitor/aitorsm-homepage/pages/node_modules"]}
[23:37:29.880] DirectoryWatcher:: Added:: WatchInfo: c:/Users/aitor/aitorsm-homepage/components/bower_components
[23:37:29.881] DirectoryWatcher:: Added:: WatchInfo: c:/Users/aitor/aitorsm-homepage/components/bower_components 1 undefined Project: /dev/null/inferredProject1* watcher already invoked: false
[23:37:29.884] Elapsed:: 2.3057999992743134ms DirectoryWatcher:: Added:: WatchInfo: c:/Users/aitor/aitorsm-homepage/components/bower_components 1 undefined Project: /dev/null/inferredProject1* watcher already invoked: false
[23:37:29.885] DirectoryWatcher:: Added:: WatchInfo: c:/Users/aitor/aitorsm-homepage/components/node_modules
[23:37:29.885] DirectoryWatcher:: Added:: WatchInfo: c:/Users/aitor/aitorsm-homepage/components/node_modules 1 undefined Project: /dev/null/inferredProject1* watcher already invoked: false
[23:37:29.885] Elapsed:: 0.17740000039339066ms DirectoryWatcher:: Added:: WatchInfo: c:/Users/aitor/aitorsm-homepage/components/node_modules 1 undefined Project: /dev/null/inferredProject1* watcher already invoked: false
[23:37:29.886] DirectoryWatcher:: Added:: WatchInfo: c:/Users/aitor/aitorsm-homepage/components/layouts/bower_components
[23:37:29.886] DirectoryWatcher:: Added:: WatchInfo: c:/Users/aitor/aitorsm-homepage/components/layouts/bower_components 1 undefined Project: /dev/null/inferredProject1* watcher already invoked: false
[23:37:29.887] Elapsed:: 0.29229999985545874ms DirectoryWatcher:: Added:: WatchInfo: c:/Users/aitor/aitorsm-homepage/components/layouts/bower_components 1 undefined Project: /dev/null/inferredProject1* watcher already invoked: false
[23:37:29.887] DirectoryWatcher:: Added:: WatchInfo: c:/Users/aitor/aitorsm-homepage/components/layouts/node_modules
[23:37:29.888] DirectoryWatcher:: Added:: WatchInfo: c:/Users/aitor/aitorsm-homepage/components/layouts/node_modules 1 undefined Project: /dev/null/inferredProject1* watcher already invoked: false
[23:37:29.888] Elapsed:: 0.1659000003710389ms DirectoryWatcher:: Added:: WatchInfo: c:/Users/aitor/aitorsm-homepage/components/layouts/node_modules 1 undefined Project: /dev/null/inferredProject1* watcher already invoked: false
[23:37:29.889] DirectoryWatcher:: Added:: WatchInfo: c:/Users/aitor/aitorsm-homepage/lib/bower_components
[23:37:29.889] DirectoryWatcher:: Added:: WatchInfo: c:/Users/aitor/aitorsm-homepage/lib/bower_components 1 undefined Project: /dev/null/inferredProject1* watcher already invoked: false
[23:37:29.890] Elapsed:: 0.15500000026077032ms DirectoryWatcher:: Added:: WatchInfo: c:/Users/aitor/aitorsm-homepage/lib/bower_components 1 undefined Project: /dev/null/inferredProject1* watcher already invoked: false
[23:37:29.890] DirectoryWatcher:: Added:: WatchInfo: c:/Users/aitor/aitorsm-homepage/lib/node_modules
[23:37:29.890] DirectoryWatcher:: Added:: WatchInfo: c:/Users/aitor/aitorsm-homepage/lib/node_modules 1 undefined Project: /dev/null/inferredProject1* watcher already invoked: false
[23:37:29.891] Elapsed:: 0.1465000007301569ms DirectoryWatcher:: Added:: WatchInfo: c:/Users/aitor/aitorsm-homepage/lib/node_modules 1 undefined Project: /dev/null/inferredProject1* watcher already invoked: false
[23:37:29.891] DirectoryWatcher:: Added:: WatchInfo: c:/Users/aitor/aitorsm-homepage/pages/bower_components
[23:37:29.892] DirectoryWatcher:: Added:: WatchInfo: c:/Users/aitor/aitorsm-homepage/pages/bower_components 1 undefined Project: /dev/null/inferredProject1* watcher already invoked: false
[23:37:29.892] Elapsed:: 0.16509999986737967ms DirectoryWatcher:: Added:: WatchInfo: c:/Users/aitor/aitorsm-homepage/pages/bower_components 1 undefined Project: /dev/null/inferredProject1* watcher already invoked: false
[23:37:29.893] DirectoryWatcher:: Added:: WatchInfo: c:/Users/aitor/aitorsm-homepage/pages/node_modules
[23:37:29.893] DirectoryWatcher:: Added:: WatchInfo: c:/Users/aitor/aitorsm-homepage/pages/node_modules 1 undefined Project: /dev/null/inferredProject1* watcher already invoked: false
[23:37:29.894] Elapsed:: 0.14449999947100878ms DirectoryWatcher:: Added:: WatchInfo: c:/Users/aitor/aitorsm-homepage/pages/node_modules 1 undefined Project: /dev/null/inferredProject1* watcher already invoked: false
[23:37:29.894] Sending response:
    {"projectName":"/dev/null/inferredProject1*","typeAcquisition":{"enable":true,"include":[],"exclude":[]},"compilerOptions":{"module":1,"target":3,"jsx":1,"allowJs":true,"allowSyntheticDefaultImports":true,"allowNonTsExtensions":true,"noEmitForJsFiles":true,"maxNodeModuleJsDepth":2},"typings":[],"unresolvedImports":[],"kind":"action::set"}
[23:37:29.895] Response has been sent.
[23:37:29.895] No new typings were requested as a result of typings discovery
[23:48:15.503] Got install request {"projectName":"/dev/null/inferredProject2*","fileNames":["c:/Users/aitor/aitorsm-homepage/node_modules/typescript/lib/lib.es5.d.ts","c:/Users/aitor/aitorsm-homepage/node_modules/typescript/lib/lib.es2015.d.ts","c:/Users/aitor/aitorsm-homepage/node_modules/typescript/lib/lib.es2016.d.ts","c:/Users/aitor/aitorsm-homepage/node_modules/typescript/lib/lib.dom.d.ts","c:/Users/aitor/aitorsm-homepage/node_modules/typescript/lib/lib.dom.iterable.d.ts","c:/Users/aitor/aitorsm-homepage/node_modules/typescript/lib/lib.webworker.importscripts.d.ts","c:/Users/aitor/aitorsm-homepage/node_modules/typescript/lib/lib.scripthost.d.ts","c:/Users/aitor/aitorsm-homepage/node_modules/typescript/lib/lib.es2015.core.d.ts","c:/Users/aitor/aitorsm-homepage/node_modules/typescript/lib/lib.es2015.collection.d.ts","c:/Users/aitor/aitorsm-homepage/node_modules/typescript/lib/lib.es2015.generator.d.ts","c:/Users/aitor/aitorsm-homepage/node_modules/typescript/lib/lib.es2015.iterable.d.ts","c:/Users/aitor/aitorsm-homepage/node_modules/typescript/lib/lib.es2015.promise.d.ts","c:/Users/aitor/aitorsm-homepage/node_modules/typescript/lib/lib.es2015.proxy.d.ts","c:/Users/aitor/aitorsm-homepage/node_modules/typescript/lib/lib.es2015.reflect.d.ts","c:/Users/aitor/aitorsm-homepage/node_modules/typescript/lib/lib.es2015.symbol.d.ts","c:/Users/aitor/aitorsm-homepage/node_modules/typescript/lib/lib.es2015.symbol.wellknown.d.ts","c:/Users/aitor/aitorsm-homepage/node_modules/typescript/lib/lib.es2016.array.include.d.ts","c:/Users/aitor/aitorsm-homepage/node_modules/typescript/lib/lib.es2016.full.d.ts","c:/Users/aitor/aitorsm-homepage/components/grid-item.js","c:/Users/aitor/aitorsm-homepage/components/layouts/article.js","c:/Users/aitor/aitorsm-homepage/components/work.js","c:/Users/aitor/aitorsm-homepage/components/paragraph.js","c:/Users/aitor/aitorsm-homepage/lib/theme.js","c:/Users/aitor/aitorsm-homepage/components/chakra.js","c:/Users/aitor/aitorsm-homepage/pages/works/liqpools.js"],"compilerOptions":{"module":1,"target":3,"jsx":1,"allowJs":true,"allowSyntheticDefaultImports":true,"allowNonTsExtensions":true,"noEmitForJsFiles":true,"maxNodeModuleJsDepth":2},"typeAcquisition":{"enable":true,"include":[],"exclude":[]},"unresolvedImports":[],"projectRootPath":"c:/Users/aitor/aitorsm-homepage/pages/works","kind":"discover"}
[23:48:15.504] Explicitly included types: []
[23:48:15.505] Inferred typings from unresolved imports: []
[23:48:15.506] Result: {"cachedTypingPaths":[],"newTypingNames":[],"filesToWatch":["c:/Users/aitor/aitorsm-homepage/components/bower_components","c:/Users/aitor/aitorsm-homepage/components/node_modules","c:/Users/aitor/aitorsm-homepage/components/layouts/bower_components","c:/Users/aitor/aitorsm-homepage/components/layouts/node_modules","c:/Users/aitor/aitorsm-homepage/lib/bower_components","c:/Users/aitor/aitorsm-homepage/lib/node_modules","c:/Users/aitor/aitorsm-homepage/pages/works/bower_components","c:/Users/aitor/aitorsm-homepage/pages/works/node_modules"]}
[23:48:15.506] Finished typings discovery: {"cachedTypingPaths":[],"newTypingNames":[],"filesToWatch":["c:/Users/aitor/aitorsm-homepage/components/bower_components","c:/Users/aitor/aitorsm-homepage/components/node_modules","c:/Users/aitor/aitorsm-homepage/components/layouts/bower_components","c:/Users/aitor/aitorsm-homepage/components/layouts/node_modules","c:/Users/aitor/aitorsm-homepage/lib/bower_components","c:/Users/aitor/aitorsm-homepage/lib/node_modules","c:/Users/aitor/aitorsm-homepage/pages/works/bower_components","c:/Users/aitor/aitorsm-homepage/pages/works/node_modules"]}
[23:48:15.506] DirectoryWatcher:: Added:: WatchInfo: c:/Users/aitor/aitorsm-homepage/components/bower_components
[23:48:15.507] DirectoryWatcher:: Added:: WatchInfo: c:/Users/aitor/aitorsm-homepage/components/bower_components 1 undefined Project: /dev/null/inferredProject2* watcher already invoked: false
[23:48:15.507] Elapsed:: 0.12669999990612268ms DirectoryWatcher:: Added:: WatchInfo: c:/Users/aitor/aitorsm-homepage/components/bower_components 1 undefined Project: /dev/null/inferredProject2* watcher already invoked: false
[23:48:15.508] DirectoryWatcher:: Added:: WatchInfo: c:/Users/aitor/aitorsm-homepage/components/node_modules
[23:48:15.508] DirectoryWatcher:: Added:: WatchInfo: c:/Users/aitor/aitorsm-homepage/components/node_modules 1 undefined Project: /dev/null/inferredProject2* watcher already invoked: false
[23:48:15.508] Elapsed:: 0.10990000050514936ms DirectoryWatcher:: Added:: WatchInfo: c:/Users/aitor/aitorsm-homepage/components/node_modules 1 undefined Project: /dev/null/inferredProject2* watcher already invoked: false
[23:48:15.509] DirectoryWatcher:: Added:: WatchInfo: c:/Users/aitor/aitorsm-homepage/components/layouts/bower_components
[23:48:15.509] DirectoryWatcher:: Added:: WatchInfo: c:/Users/aitor/aitorsm-homepage/components/layouts/bower_components 1 undefined Project: /dev/null/inferredProject2* watcher already invoked: false
[23:48:15.510] Elapsed:: 0.1025000000372529ms DirectoryWatcher:: Added:: WatchInfo: c:/Users/aitor/aitorsm-homepage/components/layouts/bower_components 1 undefined Project: /dev/null/inferredProject2* watcher already invoked: false
[23:48:15.510] DirectoryWatcher:: Added:: WatchInfo: c:/Users/aitor/aitorsm-homepage/components/layouts/node_modules
[23:48:15.510] DirectoryWatcher:: Added:: WatchInfo: c:/Users/aitor/aitorsm-homepage/components/layouts/node_modules 1 undefined Project: /dev/null/inferredProject2* watcher already invoked: false
[23:48:15.511] Elapsed:: 0.09829999972134829ms DirectoryWatcher:: Added:: WatchInfo: c:/Users/aitor/aitorsm-homepage/components/layouts/node_modules 1 undefined Project: /dev/null/inferredProject2* watcher already invoked: false
[23:48:15.511] DirectoryWatcher:: Added:: WatchInfo: c:/Users/aitor/aitorsm-homepage/lib/bower_components
[23:48:15.511] DirectoryWatcher:: Added:: WatchInfo: c:/Users/aitor/aitorsm-homepage/lib/bower_components 1 undefined Project: /dev/null/inferredProject2* watcher already invoked: false
[23:48:15.512] Elapsed:: 0.2447999995201826ms DirectoryWatcher:: Added:: WatchInfo: c:/Users/aitor/aitorsm-homepage/lib/bower_components 1 undefined Project: /dev/null/inferredProject2* watcher already invoked: false
[23:48:15.512] DirectoryWatcher:: Added:: WatchInfo: c:/Users/aitor/aitorsm-homepage/lib/node_modules
[23:48:15.513] DirectoryWatcher:: Added:: WatchInfo: c:/Users/aitor/aitorsm-homepage/lib/node_modules 1 undefined Project: /dev/null/inferredProject2* watcher already invoked: false
[23:48:15.513] Elapsed:: 0.09250000026077032ms DirectoryWatcher:: Added:: WatchInfo: c:/Users/aitor/aitorsm-homepage/lib/node_modules 1 undefined Project: /dev/null/inferredProject2* watcher already invoked: false
[23:48:15.514] DirectoryWatcher:: Added:: WatchInfo: c:/Users/aitor/aitorsm-homepage/pages/works/bower_components
[23:48:15.514] DirectoryWatcher:: Added:: WatchInfo: c:/Users/aitor/aitorsm-homepage/pages/works/bower_components 1 undefined Project: /dev/null/inferredProject2* watcher already invoked: false
[23:48:15.515] Elapsed:: 0.3406000006943941ms DirectoryWatcher:: Added:: WatchInfo: c:/Users/aitor/aitorsm-homepage/pages/works/bower_components 1 undefined Project: /dev/null/inferredProject2* watcher already invoked: false
[23:48:15.515] DirectoryWatcher:: Added:: WatchInfo: c:/Users/aitor/aitorsm-homepage/pages/works/node_modules
[23:48:15.515] DirectoryWatcher:: Added:: WatchInfo: c:/Users/aitor/aitorsm-homepage/pages/works/node_modules 1 undefined Project: /dev/null/inferredProject2* watcher already invoked: false
[23:48:15.516] Elapsed:: 0.15139999985694885ms DirectoryWatcher:: Added:: WatchInfo: c:/Users/aitor/aitorsm-homepage/pages/works/node_modules 1 undefined Project: /dev/null/inferredProject2* watcher already invoked: false
[23:48:15.516] Sending response:
    {"projectName":"/dev/null/inferredProject2*","typeAcquisition":{"enable":true,"include":[],"exclude":[]},"compilerOptions":{"module":1,"target":3,"jsx":1,"allowJs":true,"allowSyntheticDefaultImports":true,"allowNonTsExtensions":true,"noEmitForJsFiles":true,"maxNodeModuleJsDepth":2},"typings":[],"unresolvedImports":[],"kind":"action::set"}
[23:48:15.516] Response has been sent.
[23:48:15.517] No new typings were requested as a result of typings discovery
[23:48:52.760] Got install request {"projectName":"/dev/null/inferredProject3*","fileNames":["c:/Users/aitor/aitorsm-homepage/node_modules/typescript/lib/lib.es5.d.ts","c:/Users/aitor/aitorsm-homepage/node_modules/typescript/lib/lib.es2015.d.ts","c:/Users/aitor/aitorsm-homepage/node_modules/typescript/lib/lib.es2016.d.ts","c:/Users/aitor/aitorsm-homepage/node_modules/typescript/lib/lib.dom.d.ts","c:/Users/aitor/aitorsm-homepage/node_modules/typescript/lib/lib.dom.iterable.d.ts","c:/Users/aitor/aitorsm-homepage/node_modules/typescript/lib/lib.webworker.importscripts.d.ts","c:/Users/aitor/aitorsm-homepage/node_modules/typescript/lib/lib.scripthost.d.ts","c:/Users/aitor/aitorsm-homepage/node_modules/typescript/lib/lib.es2015.core.d.ts","c:/Users/aitor/aitorsm-homepage/node_modules/typescript/lib/lib.es2015.collection.d.ts","c:/Users/aitor/aitorsm-homepage/node_modules/typescript/lib/lib.es2015.generator.d.ts","c:/Users/aitor/aitorsm-homepage/node_modules/typescript/lib/lib.es2015.iterable.d.ts","c:/Users/aitor/aitorsm-homepage/node_modules/typescript/lib/lib.es2015.promise.d.ts","c:/Users/aitor/aitorsm-homepage/node_modules/typescript/lib/lib.es2015.proxy.d.ts","c:/Users/aitor/aitorsm-homepage/node_modules/typescript/lib/lib.es2015.reflect.d.ts","c:/Users/aitor/aitorsm-homepage/node_modules/typescript/lib/lib.es2015.symbol.d.ts","c:/Users/aitor/aitorsm-homepage/node_modules/typescript/lib/lib.es2015.symbol.wellknown.d.ts","c:/Users/aitor/aitorsm-homepage/node_modules/typescript/lib/lib.es2016.array.include.d.ts","c:/Users/aitor/aitorsm-homepage/node_modules/typescript/lib/lib.es2016.full.d.ts","c:/Users/aitor/aitorsm-homepage/pages/works/gronor.js"],"compilerOptions":{"module":1,"target":3,"jsx":1,"allowJs":true,"allowSyntheticDefaultImports":true,"allowNonTsExtensions":true,"noEmitForJsFiles":true,"maxNodeModuleJsDepth":2},"typeAcquisition":{"enable":true,"include":[],"exclude":[]},"unresolvedImports":[],"projectRootPath":"c:/Users/aitor/aitorsm-homepage/pages/works","kind":"discover"}
[23:48:52.761] Explicitly included types: []
[23:48:52.761] Inferred typings from unresolved imports: []
[23:48:52.762] Result: {"cachedTypingPaths":[],"newTypingNames":[],"filesToWatch":["c:/Users/aitor/aitorsm-homepage/pages/works/bower_components","c:/Users/aitor/aitorsm-homepage/pages/works/node_modules"]}
[23:48:52.762] Finished typings discovery: {"cachedTypingPaths":[],"newTypingNames":[],"filesToWatch":["c:/Users/aitor/aitorsm-homepage/pages/works/bower_components","c:/Users/aitor/aitorsm-homepage/pages/works/node_modules"]}
[23:48:52.762] DirectoryWatcher:: Added:: WatchInfo: c:/Users/aitor/aitorsm-homepage/pages/works/bower_components
[23:48:52.763] DirectoryWatcher:: Added:: WatchInfo: c:/Users/aitor/aitorsm-homepage/pages/works/bower_components 1 undefined Project: /dev/null/inferredProject3* watcher already invoked: false
[23:48:52.763] Elapsed:: 0.11109999939799309ms DirectoryWatcher:: Added:: WatchInfo: c:/Users/aitor/aitorsm-homepage/pages/works/bower_components 1 undefined Project: /dev/null/inferredProject3* watcher already invoked: false
[23:48:52.763] DirectoryWatcher:: Added:: WatchInfo: c:/Users/aitor/aitorsm-homepage/pages/works/node_modules
[23:48:52.764] DirectoryWatcher:: Added:: WatchInfo: c:/Users/aitor/aitorsm-homepage/pages/works/node_modules 1 undefined Project: /dev/null/inferredProject3* watcher already invoked: false
[23:48:52.764] Elapsed:: 0.21409999951720238ms DirectoryWatcher:: Added:: WatchInfo: c:/Users/aitor/aitorsm-homepage/pages/works/node_modules 1 undefined Project: /dev/null/inferredProject3* watcher already invoked: false
[23:48:52.765] Sending response:
    {"projectName":"/dev/null/inferredProject3*","typeAcquisition":{"enable":true,"include":[],"exclude":[]},"compilerOptions":{"module":1,"target":3,"jsx":1,"allowJs":true,"allowSyntheticDefaultImports":true,"allowNonTsExtensions":true,"noEmitForJsFiles":true,"maxNodeModuleJsDepth":2},"typings":[],"unresolvedImports":[],"kind":"action::set"}
[23:48:52.765] Response has been sent.
[23:48:52.765] No new typings were requested as a result of typings discovery
[23:50:21.778] Got install request {"projectName":"/dev/null/inferredProject3*","fileNames":["c:/Users/aitor/aitorsm-homepage/node_modules/typescript/lib/lib.es5.d.ts","c:/Users/aitor/aitorsm-homepage/node_modules/typescript/lib/lib.es2015.d.ts","c:/Users/aitor/aitorsm-homepage/node_modules/typescript/lib/lib.es2016.d.ts","c:/Users/aitor/aitorsm-homepage/node_modules/typescript/lib/lib.dom.d.ts","c:/Users/aitor/aitorsm-homepage/node_modules/typescript/lib/lib.dom.iterable.d.ts","c:/Users/aitor/aitorsm-homepage/node_modules/typescript/lib/lib.webworker.importscripts.d.ts","c:/Users/aitor/aitorsm-homepage/node_modules/typescript/lib/lib.scripthost.d.ts","c:/Users/aitor/aitorsm-homepage/node_modules/typescript/lib/lib.es2015.core.d.ts","c:/Users/aitor/aitorsm-homepage/node_modules/typescript/lib/lib.es2015.collection.d.ts","c:/Users/aitor/aitorsm-homepage/node_modules/typescript/lib/lib.es2015.generator.d.ts","c:/Users/aitor/aitorsm-homepage/node_modules/typescript/lib/lib.es2015.iterable.d.ts","c:/Users/aitor/aitorsm-homepage/node_modules/typescript/lib/lib.es2015.promise.d.ts","c:/Users/aitor/aitorsm-homepage/node_modules/typescript/lib/lib.es2015.proxy.d.ts","c:/Users/aitor/aitorsm-homepage/node_modules/typescript/lib/lib.es2015.reflect.d.ts","c:/Users/aitor/aitorsm-homepage/node_modules/typescript/lib/lib.es2015.symbol.d.ts","c:/Users/aitor/aitorsm-homepage/node_modules/typescript/lib/lib.es2015.symbol.wellknown.d.ts","c:/Users/aitor/aitorsm-homepage/node_modules/typescript/lib/lib.es2016.array.include.d.ts","c:/Users/aitor/aitorsm-homepage/node_modules/typescript/lib/lib.es2016.full.d.ts","c:/Users/aitor/aitorsm-homepage/components/grid-item.js","c:/Users/aitor/aitorsm-homepage/components/layouts/article.js","c:/Users/aitor/aitorsm-homepage/components/work.js","c:/Users/aitor/aitorsm-homepage/components/paragraph.js","c:/Users/aitor/aitorsm-homepage/lib/theme.js","c:/Users/aitor/aitorsm-homepage/components/chakra.js","c:/Users/aitor/aitorsm-homepage/pages/works/gronor.js"],"compilerOptions":{"module":1,"target":3,"jsx":1,"allowJs":true,"allowSyntheticDefaultImports":true,"allowNonTsExtensions":true,"noEmitForJsFiles":true,"maxNodeModuleJsDepth":2},"typeAcquisition":{"enable":true,"include":[],"exclude":[]},"unresolvedImports":[],"projectRootPath":"c:/Users/aitor/aitorsm-homepage/pages/works","kind":"discover"}
[23:50:21.778] Explicitly included types: []
[23:50:21.780] Inferred typings from unresolved imports: []
[23:50:21.780] Result: {"cachedTypingPaths":[],"newTypingNames":[],"filesToWatch":["c:/Users/aitor/aitorsm-homepage/components/bower_components","c:/Users/aitor/aitorsm-homepage/components/node_modules","c:/Users/aitor/aitorsm-homepage/components/layouts/bower_components","c:/Users/aitor/aitorsm-homepage/components/layouts/node_modules","c:/Users/aitor/aitorsm-homepage/lib/bower_components","c:/Users/aitor/aitorsm-homepage/lib/node_modules","c:/Users/aitor/aitorsm-homepage/pages/works/bower_components","c:/Users/aitor/aitorsm-homepage/pages/works/node_modules"]}
[23:50:21.780] Finished typings discovery: {"cachedTypingPaths":[],"newTypingNames":[],"filesToWatch":["c:/Users/aitor/aitorsm-homepage/components/bower_components","c:/Users/aitor/aitorsm-homepage/components/node_modules","c:/Users/aitor/aitorsm-homepage/components/layouts/bower_components","c:/Users/aitor/aitorsm-homepage/components/layouts/node_modules","c:/Users/aitor/aitorsm-homepage/lib/bower_components","c:/Users/aitor/aitorsm-homepage/lib/node_modules","c:/Users/aitor/aitorsm-homepage/pages/works/bower_components","c:/Users/aitor/aitorsm-homepage/pages/works/node_modules"]}
[23:50:21.781] DirectoryWatcher:: Added:: WatchInfo: c:/Users/aitor/aitorsm-homepage/components/bower_components
[23:50:21.781] DirectoryWatcher:: Added:: WatchInfo: c:/Users/aitor/aitorsm-homepage/components/bower_components 1 undefined Project: /dev/null/inferredProject3* watcher already invoked: false
[23:50:21.782] Elapsed:: 0.10520000010728836ms DirectoryWatcher:: Added:: WatchInfo: c:/Users/aitor/aitorsm-homepage/components/bower_components 1 undefined Project: /dev/null/inferredProject3* watcher already invoked: false
[23:50:21.782] DirectoryWatcher:: Added:: WatchInfo: c:/Users/aitor/aitorsm-homepage/components/node_modules
[23:50:21.782] DirectoryWatcher:: Added:: WatchInfo: c:/Users/aitor/aitorsm-homepage/components/node_modules 1 undefined Project: /dev/null/inferredProject3* watcher already invoked: false
[23:50:21.783] Elapsed:: 0.09159999992698431ms DirectoryWatcher:: Added:: WatchInfo: c:/Users/aitor/aitorsm-homepage/components/node_modules 1 undefined Project: /dev/null/inferredProject3* watcher already invoked: false
[23:50:21.783] DirectoryWatcher:: Added:: WatchInfo: c:/Users/aitor/aitorsm-homepage/components/layouts/bower_components
[23:50:21.784] DirectoryWatcher:: Added:: WatchInfo: c:/Users/aitor/aitorsm-homepage/components/layouts/bower_components 1 undefined Project: /dev/null/inferredProject3* watcher already invoked: false
[23:50:21.784] Elapsed:: 0.08980000019073486ms DirectoryWatcher:: Added:: WatchInfo: c:/Users/aitor/aitorsm-homepage/components/layouts/bower_components 1 undefined Project: /dev/null/inferredProject3* watcher already invoked: false
[23:50:21.784] DirectoryWatcher:: Added:: WatchInfo: c:/Users/aitor/aitorsm-homepage/components/layouts/node_modules
[23:50:21.785] DirectoryWatcher:: Added:: WatchInfo: c:/Users/aitor/aitorsm-homepage/components/layouts/node_modules 1 undefined Project: /dev/null/inferredProject3* watcher already invoked: false
[23:50:21.786] Elapsed:: 0.10839999932795763ms DirectoryWatcher:: Added:: WatchInfo: c:/Users/aitor/aitorsm-homepage/components/layouts/node_modules 1 undefined Project: /dev/null/inferredProject3* watcher already invoked: false
[23:50:21.786] DirectoryWatcher:: Added:: WatchInfo: c:/Users/aitor/aitorsm-homepage/lib/bower_components
[23:50:21.787] DirectoryWatcher:: Added:: WatchInfo: c:/Users/aitor/aitorsm-homepage/lib/bower_components 1 undefined Project: /dev/null/inferredProject3* watcher already invoked: false
[23:50:21.787] Elapsed:: 0.09590000007301569ms DirectoryWatcher:: Added:: WatchInfo: c:/Users/aitor/aitorsm-homepage/lib/bower_components 1 undefined Project: /dev/null/inferredProject3* watcher already invoked: false
[23:50:21.788] DirectoryWatcher:: Added:: WatchInfo: c:/Users/aitor/aitorsm-homepage/lib/node_modules
[23:50:21.788] DirectoryWatcher:: Added:: WatchInfo: c:/Users/aitor/aitorsm-homepage/lib/node_modules 1 undefined Project: /dev/null/inferredProject3* watcher already invoked: false
[23:50:21.788] Elapsed:: 0.09400000050663948ms DirectoryWatcher:: Added:: WatchInfo: c:/Users/aitor/aitorsm-homepage/lib/node_modules 1 undefined Project: /dev/null/inferredProject3* watcher already invoked: false
[23:50:21.789] Sending response:
    {"projectName":"/dev/null/inferredProject3*","typeAcquisition":{"enable":true,"include":[],"exclude":[]},"compilerOptions":{"module":1,"target":3,"jsx":1,"allowJs":true,"allowSyntheticDefaultImports":true,"allowNonTsExtensions":true,"noEmitForJsFiles":true,"maxNodeModuleJsDepth":2},"typings":[],"unresolvedImports":[],"kind":"action::set"}
[23:50:21.789] Response has been sent.
[23:50:21.790] No new typings were requested as a result of typings discovery
[23:55:23.930] Got install request {"projectName":"/dev/null/inferredProject4*","fileNames":["c:/Users/aitor/aitorsm-homepage/node_modules/typescript/lib/lib.es5.d.ts","c:/Users/aitor/aitorsm-homepage/node_modules/typescript/lib/lib.es2015.d.ts","c:/Users/aitor/aitorsm-homepage/node_modules/typescript/lib/lib.es2016.d.ts","c:/Users/aitor/aitorsm-homepage/node_modules/typescript/lib/lib.dom.d.ts","c:/Users/aitor/aitorsm-homepage/node_modules/typescript/lib/lib.dom.iterable.d.ts","c:/Users/aitor/aitorsm-homepage/node_modules/typescript/lib/lib.webworker.importscripts.d.ts","c:/Users/aitor/aitorsm-homepage/node_modules/typescript/lib/lib.scripthost.d.ts","c:/Users/aitor/aitorsm-homepage/node_modules/typescript/lib/lib.es2015.core.d.ts","c:/Users/aitor/aitorsm-homepage/node_modules/typescript/lib/lib.es2015.collection.d.ts","c:/Users/aitor/aitorsm-homepage/node_modules/typescript/lib/lib.es2015.generator.d.ts","c:/Users/aitor/aitorsm-homepage/node_modules/typescript/lib/lib.es2015.iterable.d.ts","c:/Users/aitor/aitorsm-homepage/node_modules/typescript/lib/lib.es2015.promise.d.ts","c:/Users/aitor/aitorsm-homepage/node_modules/typescript/lib/lib.es2015.proxy.d.ts","c:/Users/aitor/aitorsm-homepage/node_modules/typescript/lib/lib.es2015.reflect.d.ts","c:/Users/aitor/aitorsm-homepage/node_modules/typescript/lib/lib.es2015.symbol.d.ts","c:/Users/aitor/aitorsm-homepage/node_modules/typescript/lib/lib.es2015.symbol.wellknown.d.ts","c:/Users/aitor/aitorsm-homepage/node_modules/typescript/lib/lib.es2016.array.include.d.ts","c:/Users/aitor/aitorsm-homepage/node_modules/typescript/lib/lib.es2016.full.d.ts","c:/Users/aitor/aitorsm-homepage/components/grid-item.js","c:/Users/aitor/aitorsm-homepage/components/layouts/article.js","c:/Users/aitor/aitorsm-homepage/components/work.js","c:/Users/aitor/aitorsm-homepage/components/paragraph.js","c:/Users/aitor/aitorsm-homepage/lib/theme.js","c:/Users/aitor/aitorsm-homepage/components/chakra.js","c:/Users/aitor/aitorsm-homepage/pages/works/plantula.js"],"compilerOptions":{"module":1,"target":3,"jsx":1,"allowJs":true,"allowSyntheticDefaultImports":true,"allowNonTsExtensions":true,"noEmitForJsFiles":true,"maxNodeModuleJsDepth":2},"typeAcquisition":{"enable":true,"include":[],"exclude":[]},"unresolvedImports":[],"projectRootPath":"c:/Users/aitor/aitorsm-homepage/pages/works","kind":"discover"}
[23:55:23.931] Explicitly included types: []
[23:55:23.932] Inferred typings from unresolved imports: []
[23:55:23.932] Result: {"cachedTypingPaths":[],"newTypingNames":[],"filesToWatch":["c:/Users/aitor/aitorsm-homepage/components/bower_components","c:/Users/aitor/aitorsm-homepage/components/node_modules","c:/Users/aitor/aitorsm-homepage/components/layouts/bower_components","c:/Users/aitor/aitorsm-homepage/components/layouts/node_modules","c:/Users/aitor/aitorsm-homepage/lib/bower_components","c:/Users/aitor/aitorsm-homepage/lib/node_modules","c:/Users/aitor/aitorsm-homepage/pages/works/bower_components","c:/Users/aitor/aitorsm-homepage/pages/works/node_modules"]}
[23:55:23.933] Finished typings discovery: {"cachedTypingPaths":[],"newTypingNames":[],"filesToWatch":["c:/Users/aitor/aitorsm-homepage/components/bower_components","c:/Users/aitor/aitorsm-homepage/components/node_modules","c:/Users/aitor/aitorsm-homepage/components/layouts/bower_components","c:/Users/aitor/aitorsm-homepage/components/layouts/node_modules","c:/Users/aitor/aitorsm-homepage/lib/bower_components","c:/Users/aitor/aitorsm-homepage/lib/node_modules","c:/Users/aitor/aitorsm-homepage/pages/works/bower_components","c:/Users/aitor/aitorsm-homepage/pages/works/node_modules"]}
[23:55:23.933] DirectoryWatcher:: Added:: WatchInfo: c:/Users/aitor/aitorsm-homepage/components/bower_components
[23:55:23.933] DirectoryWatcher:: Added:: WatchInfo: c:/Users/aitor/aitorsm-homepage/components/bower_components 1 undefined Project: /dev/null/inferredProject4* watcher already invoked: false
[23:55:23.934] Elapsed:: 0.0992000000551343ms DirectoryWatcher:: Added:: WatchInfo: c:/Users/aitor/aitorsm-homepage/components/bower_components 1 undefined Project: /dev/null/inferredProject4* watcher already invoked: false
[23:55:23.934] DirectoryWatcher:: Added:: WatchInfo: c:/Users/aitor/aitorsm-homepage/components/node_modules
[23:55:23.935] DirectoryWatcher:: Added:: WatchInfo: c:/Users/aitor/aitorsm-homepage/components/node_modules 1 undefined Project: /dev/null/inferredProject4* watcher already invoked: false
[23:55:23.935] Elapsed:: 0.08820000011473894ms DirectoryWatcher:: Added:: WatchInfo: c:/Users/aitor/aitorsm-homepage/components/node_modules 1 undefined Project: /dev/null/inferredProject4* watcher already invoked: false
[23:55:23.935] DirectoryWatcher:: Added:: WatchInfo: c:/Users/aitor/aitorsm-homepage/components/layouts/bower_components
[23:55:23.936] DirectoryWatcher:: Added:: WatchInfo: c:/Users/aitor/aitorsm-homepage/components/layouts/bower_components 1 undefined Project: /dev/null/inferredProject4* watcher already invoked: false
[23:55:23.936] Elapsed:: 0.08490000013262033ms DirectoryWatcher:: Added:: WatchInfo: c:/Users/aitor/aitorsm-homepage/components/layouts/bower_components 1 undefined Project: /dev/null/inferredProject4* watcher already invoked: false
[23:55:23.936] DirectoryWatcher:: Added:: WatchInfo: c:/Users/aitor/aitorsm-homepage/components/layouts/node_modules
[23:55:23.937] DirectoryWatcher:: Added:: WatchInfo: c:/Users/aitor/aitorsm-homepage/components/layouts/node_modules 1 undefined Project: /dev/null/inferredProject4* watcher already invoked: false
[23:55:23.937] Elapsed:: 0.08330000005662441ms DirectoryWatcher:: Added:: WatchInfo: c:/Users/aitor/aitorsm-homepage/components/layouts/node_modules 1 undefined Project: /dev/null/inferredProject4* watcher already invoked: false
[23:55:23.937] DirectoryWatcher:: Added:: WatchInfo: c:/Users/aitor/aitorsm-homepage/lib/bower_components
[23:55:23.938] DirectoryWatcher:: Added:: WatchInfo: c:/Users/aitor/aitorsm-homepage/lib/bower_components 1 undefined Project: /dev/null/inferredProject4* watcher already invoked: false
[23:55:23.938] Elapsed:: 0.08560000080615282ms DirectoryWatcher:: Added:: WatchInfo: c:/Users/aitor/aitorsm-homepage/lib/bower_components 1 undefined Project: /dev/null/inferredProject4* watcher already invoked: false
[23:55:23.938] DirectoryWatcher:: Added:: WatchInfo: c:/Users/aitor/aitorsm-homepage/lib/node_modules
[23:55:23.939] DirectoryWatcher:: Added:: WatchInfo: c:/Users/aitor/aitorsm-homepage/lib/node_modules 1 undefined Project: /dev/null/inferredProject4* watcher already invoked: false
[23:55:23.939] Elapsed:: 0.08509999979287386ms DirectoryWatcher:: Added:: WatchInfo: c:/Users/aitor/aitorsm-homepage/lib/node_modules 1 undefined Project: /dev/null/inferredProject4* watcher already invoked: false
[23:55:23.939] DirectoryWatcher:: Added:: WatchInfo: c:/Users/aitor/aitorsm-homepage/pages/works/bower_components
[23:55:23.940] DirectoryWatcher:: Added:: WatchInfo: c:/Users/aitor/aitorsm-homepage/pages/works/bower_components 1 undefined Project: /dev/null/inferredProject4* watcher already invoked: false
[23:55:23.940] Elapsed:: 0.2532999999821186ms DirectoryWatcher:: Added:: WatchInfo: c:/Users/aitor/aitorsm-homepage/pages/works/bower_components 1 undefined Project: /dev/null/inferredProject4* watcher already invoked: false
[23:55:23.941] DirectoryWatcher:: Added:: WatchInfo: c:/Users/aitor/aitorsm-homepage/pages/works/node_modules
[23:55:23.941] DirectoryWatcher:: Added:: WatchInfo: c:/Users/aitor/aitorsm-homepage/pages/works/node_modules 1 undefined Project: /dev/null/inferredProject4* watcher already invoked: false
[23:55:23.941] Elapsed:: 0.08609999995678663ms DirectoryWatcher:: Added:: WatchInfo: c:/Users/aitor/aitorsm-homepage/pages/works/node_modules 1 undefined Project: /dev/null/inferredProject4* watcher already invoked: false
[23:55:23.942] Sending response:
    {"projectName":"/dev/null/inferredProject4*","typeAcquisition":{"enable":true,"include":[],"exclude":[]},"compilerOptions":{"module":1,"target":3,"jsx":1,"allowJs":true,"allowSyntheticDefaultImports":true,"allowNonTsExtensions":true,"noEmitForJsFiles":true,"maxNodeModuleJsDepth":2},"typings":[],"unresolvedImports":[],"kind":"action::set"}
[23:55:23.942] Response has been sent.
[23:55:23.942] No new typings were requested as a result of typings discovery
[00:22:52.505] Got install request {"projectName":"/dev/null/inferredProject5*","fileNames":["c:/Users/aitor/aitorsm-homepage/node_modules/typescript/lib/lib.es5.d.ts","c:/Users/aitor/aitorsm-homepage/node_modules/typescript/lib/lib.es2015.d.ts","c:/Users/aitor/aitorsm-homepage/node_modules/typescript/lib/lib.es2016.d.ts","c:/Users/aitor/aitorsm-homepage/node_modules/typescript/lib/lib.dom.d.ts","c:/Users/aitor/aitorsm-homepage/node_modules/typescript/lib/lib.dom.iterable.d.ts","c:/Users/aitor/aitorsm-homepage/node_modules/typescript/lib/lib.webworker.importscripts.d.ts","c:/Users/aitor/aitorsm-homepage/node_modules/typescript/lib/lib.scripthost.d.ts","c:/Users/aitor/aitorsm-homepage/node_modules/typescript/lib/lib.es2015.core.d.ts","c:/Users/aitor/aitorsm-homepage/node_modules/typescript/lib/lib.es2015.collection.d.ts","c:/Users/aitor/aitorsm-homepage/node_modules/typescript/lib/lib.es2015.generator.d.ts","c:/Users/aitor/aitorsm-homepage/node_modules/typescript/lib/lib.es2015.iterable.d.ts","c:/Users/aitor/aitorsm-homepage/node_modules/typescript/lib/lib.es2015.promise.d.ts","c:/Users/aitor/aitorsm-homepage/node_modules/typescript/lib/lib.es2015.proxy.d.ts","c:/Users/aitor/aitorsm-homepage/node_modules/typescript/lib/lib.es2015.reflect.d.ts","c:/Users/aitor/aitorsm-homepage/node_modules/typescript/lib/lib.es2015.symbol.d.ts","c:/Users/aitor/aitorsm-homepage/node_modules/typescript/lib/lib.es2015.symbol.wellknown.d.ts","c:/Users/aitor/aitorsm-homepage/node_modules/typescript/lib/lib.es2016.array.include.d.ts","c:/Users/aitor/aitorsm-homepage/node_modules/typescript/lib/lib.es2016.full.d.ts","c:/Users/aitor/aitorsm-homepage/components/grid-item.js","c:/Users/aitor/aitorsm-homepage/components/layouts/article.js","c:/Users/aitor/aitorsm-homepage/components/section.js","c:/Users/aitor/aitorsm-homepage/lib/theme.js","c:/Users/aitor/aitorsm-homepage/components/chakra.js","c:/Users/aitor/aitorsm-homepage/pages/works.js"],"compilerOptions":{"module":1,"target":3,"jsx":1,"allowJs":true,"allowSyntheticDefaultImports":true,"allowNonTsExtensions":true,"noEmitForJsFiles":true,"maxNodeModuleJsDepth":2},"typeAcquisition":{"enable":true,"include":[],"exclude":[]},"unresolvedImports":[],"projectRootPath":"c:/Users/aitor/aitorsm-homepage/pages","kind":"discover"}
[00:22:52.506] Explicitly included types: []
[00:22:52.507] Inferred typings from unresolved imports: []
[00:22:52.508] Result: {"cachedTypingPaths":[],"newTypingNames":[],"filesToWatch":["c:/Users/aitor/aitorsm-homepage/components/bower_components","c:/Users/aitor/aitorsm-homepage/components/node_modules","c:/Users/aitor/aitorsm-homepage/components/layouts/bower_components","c:/Users/aitor/aitorsm-homepage/components/layouts/node_modules","c:/Users/aitor/aitorsm-homepage/lib/bower_components","c:/Users/aitor/aitorsm-homepage/lib/node_modules","c:/Users/aitor/aitorsm-homepage/pages/bower_components","c:/Users/aitor/aitorsm-homepage/pages/node_modules"]}
[00:22:52.508] Finished typings discovery: {"cachedTypingPaths":[],"newTypingNames":[],"filesToWatch":["c:/Users/aitor/aitorsm-homepage/components/bower_components","c:/Users/aitor/aitorsm-homepage/components/node_modules","c:/Users/aitor/aitorsm-homepage/components/layouts/bower_components","c:/Users/aitor/aitorsm-homepage/components/layouts/node_modules","c:/Users/aitor/aitorsm-homepage/lib/bower_components","c:/Users/aitor/aitorsm-homepage/lib/node_modules","c:/Users/aitor/aitorsm-homepage/pages/bower_components","c:/Users/aitor/aitorsm-homepage/pages/node_modules"]}
[00:22:52.508] DirectoryWatcher:: Added:: WatchInfo: c:/Users/aitor/aitorsm-homepage/components/bower_components
[00:22:52.509] DirectoryWatcher:: Added:: WatchInfo: c:/Users/aitor/aitorsm-homepage/components/bower_components 1 undefined Project: /dev/null/inferredProject5* watcher already invoked: false
[00:22:52.509] Elapsed:: 0.11140000075101852ms DirectoryWatcher:: Added:: WatchInfo: c:/Users/aitor/aitorsm-homepage/components/bower_components 1 undefined Project: /dev/null/inferredProject5* watcher already invoked: false
[00:22:52.509] DirectoryWatcher:: Added:: WatchInfo: c:/Users/aitor/aitorsm-homepage/components/node_modules
[00:22:52.510] DirectoryWatcher:: Added:: WatchInfo: c:/Users/aitor/aitorsm-homepage/components/node_modules 1 undefined Project: /dev/null/inferredProject5* watcher already invoked: false
[00:22:52.510] Elapsed:: 0.08669999986886978ms DirectoryWatcher:: Added:: WatchInfo: c:/Users/aitor/aitorsm-homepage/components/node_modules 1 undefined Project: /dev/null/inferredProject5* watcher already invoked: false
[00:22:52.510] DirectoryWatcher:: Added:: WatchInfo: c:/Users/aitor/aitorsm-homepage/components/layouts/bower_components
[00:22:52.511] DirectoryWatcher:: Added:: WatchInfo: c:/Users/aitor/aitorsm-homepage/components/layouts/bower_components 1 undefined Project: /dev/null/inferredProject5* watcher already invoked: false
[00:22:52.511] Elapsed:: 0.09129999950528145ms DirectoryWatcher:: Added:: WatchInfo: c:/Users/aitor/aitorsm-homepage/components/layouts/bower_components 1 undefined Project: /dev/null/inferredProject5* watcher already invoked: false
[00:22:52.511] DirectoryWatcher:: Added:: WatchInfo: c:/Users/aitor/aitorsm-homepage/components/layouts/node_modules
[00:22:52.512] DirectoryWatcher:: Added:: WatchInfo: c:/Users/aitor/aitorsm-homepage/components/layouts/node_modules 1 undefined Project: /dev/null/inferredProject5* watcher already invoked: false
[00:22:52.512] Elapsed:: 0.08080000057816505ms DirectoryWatcher:: Added:: WatchInfo: c:/Users/aitor/aitorsm-homepage/components/layouts/node_modules 1 undefined Project: /dev/null/inferredProject5* watcher already invoked: false
[00:22:52.512] DirectoryWatcher:: Added:: WatchInfo: c:/Users/aitor/aitorsm-homepage/lib/bower_components
[00:22:52.513] DirectoryWatcher:: Added:: WatchInfo: c:/Users/aitor/aitorsm-homepage/lib/bower_components 1 undefined Project: /dev/null/inferredProject5* watcher already invoked: false
[00:22:52.513] Elapsed:: 0.11720000021159649ms DirectoryWatcher:: Added:: WatchInfo: c:/Users/aitor/aitorsm-homepage/lib/bower_components 1 undefined Project: /dev/null/inferredProject5* watcher already invoked: false
[00:22:52.514] DirectoryWatcher:: Added:: WatchInfo: c:/Users/aitor/aitorsm-homepage/lib/node_modules
[00:22:52.514] DirectoryWatcher:: Added:: WatchInfo: c:/Users/aitor/aitorsm-homepage/lib/node_modules 1 undefined Project: /dev/null/inferredProject5* watcher already invoked: false
[00:22:52.514] Elapsed:: 0.09200000017881393ms DirectoryWatcher:: Added:: WatchInfo: c:/Users/aitor/aitorsm-homepage/lib/node_modules 1 undefined Project: /dev/null/inferredProject5* watcher already invoked: false
[00:22:52.515] DirectoryWatcher:: Added:: WatchInfo: c:/Users/aitor/aitorsm-homepage/pages/bower_components
[00:22:52.515] DirectoryWatcher:: Added:: WatchInfo: c:/Users/aitor/aitorsm-homepage/pages/bower_components 1 undefined Project: /dev/null/inferredProject5* watcher already invoked: false
[00:22:52.515] Elapsed:: 0.08540000021457672ms DirectoryWatcher:: Added:: WatchInfo: c:/Users/aitor/aitorsm-homepage/pages/bower_components 1 undefined Project: /dev/null/inferredProject5* watcher already invoked: false
[00:22:52.516] DirectoryWatcher:: Added:: WatchInfo: c:/Users/aitor/aitorsm-homepage/pages/node_modules
[00:22:52.516] DirectoryWatcher:: Added:: WatchInfo: c:/Users/aitor/aitorsm-homepage/pages/node_modules 1 undefined Project: /dev/null/inferredProject5* watcher already invoked: false
[00:22:52.516] Elapsed:: 0.07840000092983246ms DirectoryWatcher:: Added:: WatchInfo: c:/Users/aitor/aitorsm-homepage/pages/node_modules 1 undefined Project: /dev/null/inferredProject5* watcher already invoked: false
[00:22:52.517] Sending response:
    {"projectName":"/dev/null/inferredProject5*","typeAcquisition":{"enable":true,"include":[],"exclude":[]},"compilerOptions":{"module":1,"target":3,"jsx":1,"allowJs":true,"allowSyntheticDefaultImports":true,"allowNonTsExtensions":true,"noEmitForJsFiles":true,"maxNodeModuleJsDepth":2},"typings":[],"unresolvedImports":[],"kind":"action::set"}
[00:22:52.517] Response has been sent.
[00:22:52.517] No new typings were requested as a result of typings discovery
[00:24:33.028] Got install request {"projectName":"/dev/null/inferredProject6*","fileNames":["c:/Users/aitor/aitorsm-homepage/node_modules/typescript/lib/lib.es5.d.ts","c:/Users/aitor/aitorsm-homepage/node_modules/typescript/lib/lib.es2015.d.ts","c:/Users/aitor/aitorsm-homepage/node_modules/typescript/lib/lib.es2016.d.ts","c:/Users/aitor/aitorsm-homepage/node_modules/typescript/lib/lib.dom.d.ts","c:/Users/aitor/aitorsm-homepage/node_modules/typescript/lib/lib.dom.iterable.d.ts","c:/Users/aitor/aitorsm-homepage/node_modules/typescript/lib/lib.webworker.importscripts.d.ts","c:/Users/aitor/aitorsm-homepage/node_modules/typescript/lib/lib.scripthost.d.ts","c:/Users/aitor/aitorsm-homepage/node_modules/typescript/lib/lib.es2015.core.d.ts","c:/Users/aitor/aitorsm-homepage/node_modules/typescript/lib/lib.es2015.collection.d.ts","c:/Users/aitor/aitorsm-homepage/node_modules/typescript/lib/lib.es2015.generator.d.ts","c:/Users/aitor/aitorsm-homepage/node_modules/typescript/lib/lib.es2015.iterable.d.ts","c:/Users/aitor/aitorsm-homepage/node_modules/typescript/lib/lib.es2015.promise.d.ts","c:/Users/aitor/aitorsm-homepage/node_modules/typescript/lib/lib.es2015.proxy.d.ts","c:/Users/aitor/aitorsm-homepage/node_modules/typescript/lib/lib.es2015.reflect.d.ts","c:/Users/aitor/aitorsm-homepage/node_modules/typescript/lib/lib.es2015.symbol.d.ts","c:/Users/aitor/aitorsm-homepage/node_modules/typescript/lib/lib.es2015.symbol.wellknown.d.ts","c:/Users/aitor/aitorsm-homepage/node_modules/typescript/lib/lib.es2016.array.include.d.ts","c:/Users/aitor/aitorsm-homepage/node_modules/typescript/lib/lib.es2016.full.d.ts","c:/Users/aitor/aitorsm-homepage/pages/openmolcas.js"],"compilerOptions":{"module":1,"target":3,"jsx":1,"allowJs":true,"allowSyntheticDefaultImports":true,"allowNonTsExtensions":true,"noEmitForJsFiles":true,"maxNodeModuleJsDepth":2},"typeAcquisition":{"enable":true,"include":[],"exclude":[]},"unresolvedImports":[],"projectRootPath":"c:/Users/aitor/aitorsm-homepage/pages","kind":"discover"}
[00:24:33.028] Explicitly included types: []
[00:24:33.029] Inferred typings from unresolved imports: []
[00:24:33.029] Result: {"cachedTypingPaths":[],"newTypingNames":[],"filesToWatch":["c:/Users/aitor/aitorsm-homepage/pages/bower_components","c:/Users/aitor/aitorsm-homepage/pages/node_modules"]}
[00:24:33.030] Finished typings discovery: {"cachedTypingPaths":[],"newTypingNames":[],"filesToWatch":["c:/Users/aitor/aitorsm-homepage/pages/bower_components","c:/Users/aitor/aitorsm-homepage/pages/node_modules"]}
[00:24:33.030] DirectoryWatcher:: Added:: WatchInfo: c:/Users/aitor/aitorsm-homepage/pages/bower_components
[00:24:33.031] DirectoryWatcher:: Added:: WatchInfo: c:/Users/aitor/aitorsm-homepage/pages/bower_components 1 undefined Project: /dev/null/inferredProject6* watcher already invoked: false
[00:24:33.031] Elapsed:: 0.09339999966323376ms DirectoryWatcher:: Added:: WatchInfo: c:/Users/aitor/aitorsm-homepage/pages/bower_components 1 undefined Project: /dev/null/inferredProject6* watcher already invoked: false
[00:24:33.031] DirectoryWatcher:: Added:: WatchInfo: c:/Users/aitor/aitorsm-homepage/pages/node_modules
[00:24:33.032] DirectoryWatcher:: Added:: WatchInfo: c:/Users/aitor/aitorsm-homepage/pages/node_modules 1 undefined Project: /dev/null/inferredProject6* watcher already invoked: false
[00:24:33.032] Elapsed:: 0.08789999969303608ms DirectoryWatcher:: Added:: WatchInfo: c:/Users/aitor/aitorsm-homepage/pages/node_modules 1 undefined Project: /dev/null/inferredProject6* watcher already invoked: false
[00:24:33.032] Sending response:
    {"projectName":"/dev/null/inferredProject6*","typeAcquisition":{"enable":true,"include":[],"exclude":[]},"compilerOptions":{"module":1,"target":3,"jsx":1,"allowJs":true,"allowSyntheticDefaultImports":true,"allowNonTsExtensions":true,"noEmitForJsFiles":true,"maxNodeModuleJsDepth":2},"typings":[],"unresolvedImports":[],"kind":"action::set"}
[00:24:33.033] Response has been sent.
[00:24:33.033] No new typings were requested as a result of typings discovery
[00:26:22.466] Got install request {"projectName":"/dev/null/inferredProject6*","fileNames":["c:/Users/aitor/aitorsm-homepage/node_modules/typescript/lib/lib.es5.d.ts","c:/Users/aitor/aitorsm-homepage/node_modules/typescript/lib/lib.es2015.d.ts","c:/Users/aitor/aitorsm-homepage/node_modules/typescript/lib/lib.es2016.d.ts","c:/Users/aitor/aitorsm-homepage/node_modules/typescript/lib/lib.dom.d.ts","c:/Users/aitor/aitorsm-homepage/node_modules/typescript/lib/lib.dom.iterable.d.ts","c:/Users/aitor/aitorsm-homepage/node_modules/typescript/lib/lib.webworker.importscripts.d.ts","c:/Users/aitor/aitorsm-homepage/node_modules/typescript/lib/lib.scripthost.d.ts","c:/Users/aitor/aitorsm-homepage/node_modules/typescript/lib/lib.es2015.core.d.ts","c:/Users/aitor/aitorsm-homepage/node_modules/typescript/lib/lib.es2015.collection.d.ts","c:/Users/aitor/aitorsm-homepage/node_modules/typescript/lib/lib.es2015.generator.d.ts","c:/Users/aitor/aitorsm-homepage/node_modules/typescript/lib/lib.es2015.iterable.d.ts","c:/Users/aitor/aitorsm-homepage/node_modules/typescript/lib/lib.es2015.promise.d.ts","c:/Users/aitor/aitorsm-homepage/node_modules/typescript/lib/lib.es2015.proxy.d.ts","c:/Users/aitor/aitorsm-homepage/node_modules/typescript/lib/lib.es2015.reflect.d.ts","c:/Users/aitor/aitorsm-homepage/node_modules/typescript/lib/lib.es2015.symbol.d.ts","c:/Users/aitor/aitorsm-homepage/node_modules/typescript/lib/lib.es2015.symbol.wellknown.d.ts","c:/Users/aitor/aitorsm-homepage/node_modules/typescript/lib/lib.es2016.array.include.d.ts","c:/Users/aitor/aitorsm-homepage/node_modules/typescript/lib/lib.es2016.full.d.ts","c:/Users/aitor/aitorsm-homepage/pages/openmolcas.js"],"compilerOptions":{"module":1,"target":3,"jsx":1,"allowJs":true,"allowSyntheticDefaultImports":true,"allowNonTsExtensions":true,"noEmitForJsFiles":true,"maxNodeModuleJsDepth":2},"typeAcquisition":{"enable":true,"include":[],"exclude":[]},"unresolvedImports":[],"projectRootPath":"c:/Users/aitor/aitorsm-homepage/pages","kind":"discover"}
[00:26:22.466] Explicitly included types: []
[00:26:22.467] Inferred typings from unresolved imports: []
[00:26:22.467] Result: {"cachedTypingPaths":[],"newTypingNames":[],"filesToWatch":["c:/Users/aitor/aitorsm-homepage/pages/bower_components","c:/Users/aitor/aitorsm-homepage/pages/node_modules"]}
[00:26:22.468] Finished typings discovery: {"cachedTypingPaths":[],"newTypingNames":[],"filesToWatch":["c:/Users/aitor/aitorsm-homepage/pages/bower_components","c:/Users/aitor/aitorsm-homepage/pages/node_modules"]}
[00:26:22.468] Sending response:
    {"projectName":"/dev/null/inferredProject6*","typeAcquisition":{"enable":true,"include":[],"exclude":[]},"compilerOptions":{"module":1,"target":3,"jsx":1,"allowJs":true,"allowSyntheticDefaultImports":true,"allowNonTsExtensions":true,"noEmitForJsFiles":true,"maxNodeModuleJsDepth":2},"typings":[],"unresolvedImports":[],"kind":"action::set"}
[00:26:22.469] Response has been sent.
[00:26:22.469] No new typings were requested as a result of typings discovery
