[22:00:27.991] Global cache location 'C:/Users/aitor/AppData/Local/Microsoft/TypeScript/4.6', safe file path 'c:/users/aitor/aitorsm-homepage/node_modules/typescript/lib/typingsafelist.json', types map path c:/users/aitor/aitorsm-homepage/node_modules/typescript/lib/typesmap.json
[22:00:27.993] Processing cache location 'C:/Users/aitor/AppData/Local/Microsoft/TypeScript/4.6'
[22:00:27.994] Trying to find 'C:/Users/aitor/AppData/Local/Microsoft/TypeScript/4.6/package.json'...
[22:00:28.004] Loaded content of 'C:/Users/aitor/AppData/Local/Microsoft/TypeScript/4.6/package.json': {"private":true,"dependencies":{"types-registry":"^0.1.601"},"devDependencies":{"@types/three":"^0.141.0"}}
[22:00:28.005] Loaded content of 'C:/Users/aitor/AppData/Local/Microsoft/TypeScript/4.6/package-lock.json'
[22:00:28.029] Adding entry into typings cache: 'three' => 'C:/Users/aitor/AppData/Local/Microsoft/TypeScript/4.6/node_modules/@types/three/index.d.ts'
[22:00:28.029] Finished processing cache location 'C:/Users/aitor/AppData/Local/Microsoft/TypeScript/4.6'
[22:00:28.030] Process id: 5688
[22:00:28.030] NPM location: "C:\Program Files\nodejs\npm" (explicit '--npmLocation' not  provided)
[22:00:28.031] validateDefaultNpmLocation: false
[22:00:28.032] Npm config file: C:/Users/aitor/AppData/Local/Microsoft/TypeScript/4.6/package.json
[22:00:28.032] Updating types-registry npm package...
[22:00:28.032] Exec: "C:\Program Files\nodejs\npm" install --ignore-scripts types-registry@latest
[22:00:31.887]     Succeeded. stdout:
    
    up to date, audited 4 packages in 2s

found 0 vulnerabilities

[22:00:31.888] Updated types-registry npm package
[22:00:39.755] Got install request {"projectName":"/dev/null/inferredProject1*","fileNames":["c:/Users/aitor/aitorsm-homepage/node_modules/typescript/lib/lib.es5.d.ts","c:/Users/aitor/aitorsm-homepage/node_modules/typescript/lib/lib.es2015.d.ts","c:/Users/aitor/aitorsm-homepage/node_modules/typescript/lib/lib.es2016.d.ts","c:/Users/aitor/aitorsm-homepage/node_modules/typescript/lib/lib.dom.d.ts","c:/Users/aitor/aitorsm-homepage/node_modules/typescript/lib/lib.dom.iterable.d.ts","c:/Users/aitor/aitorsm-homepage/node_modules/typescript/lib/lib.webworker.importscripts.d.ts","c:/Users/aitor/aitorsm-homepage/node_modules/typescript/lib/lib.scripthost.d.ts","c:/Users/aitor/aitorsm-homepage/node_modules/typescript/lib/lib.es2015.core.d.ts","c:/Users/aitor/aitorsm-homepage/node_modules/typescript/lib/lib.es2015.collection.d.ts","c:/Users/aitor/aitorsm-homepage/node_modules/typescript/lib/lib.es2015.generator.d.ts","c:/Users/aitor/aitorsm-homepage/node_modules/typescript/lib/lib.es2015.iterable.d.ts","c:/Users/aitor/aitorsm-homepage/node_modules/typescript/lib/lib.es2015.promise.d.ts","c:/Users/aitor/aitorsm-homepage/node_modules/typescript/lib/lib.es2015.proxy.d.ts","c:/Users/aitor/aitorsm-homepage/node_modules/typescript/lib/lib.es2015.reflect.d.ts","c:/Users/aitor/aitorsm-homepage/node_modules/typescript/lib/lib.es2015.symbol.d.ts","c:/Users/aitor/aitorsm-homepage/node_modules/typescript/lib/lib.es2015.symbol.wellknown.d.ts","c:/Users/aitor/aitorsm-homepage/node_modules/typescript/lib/lib.es2016.array.include.d.ts","c:/Users/aitor/aitorsm-homepage/node_modules/typescript/lib/lib.es2016.full.d.ts","c:/Users/aitor/aitorsm-homepage/pages/works/liqpools.js"],"compilerOptions":{"module":1,"target":3,"jsx":1,"allowJs":true,"allowSyntheticDefaultImports":true,"allowNonTsExtensions":true,"noEmitForJsFiles":true,"maxNodeModuleJsDepth":2},"typeAcquisition":{"enable":true,"include":[],"exclude":[]},"unresolvedImports":[],"projectRootPath":"c:/Users/aitor/aitorsm-homepage/pages/works","kind":"discover"}
[22:00:39.781] Loaded safelist from types map file 'c:/users/aitor/aitorsm-homepage/node_modules/typescript/lib/typesmap.json'
[22:00:39.782] Explicitly included types: []
[22:00:39.784] Inferred typings from unresolved imports: []
[22:00:39.784] Result: {"cachedTypingPaths":[],"newTypingNames":[],"filesToWatch":["c:/Users/aitor/aitorsm-homepage/pages/works/bower_components","c:/Users/aitor/aitorsm-homepage/pages/works/node_modules"]}
[22:00:39.785] Finished typings discovery: {"cachedTypingPaths":[],"newTypingNames":[],"filesToWatch":["c:/Users/aitor/aitorsm-homepage/pages/works/bower_components","c:/Users/aitor/aitorsm-homepage/pages/works/node_modules"]}
[22:00:39.785] DirectoryWatcher:: Added:: WatchInfo: c:/Users/aitor/aitorsm-homepage/pages/works/bower_components
[22:00:39.786] DirectoryWatcher:: Added:: WatchInfo: c:/Users/aitor/aitorsm-homepage/pages/works/bower_components 1 undefined Project: /dev/null/inferredProject1* watcher already invoked: false
[22:00:39.788] Elapsed:: 1.4412999999476597ms DirectoryWatcher:: Added:: WatchInfo: c:/Users/aitor/aitorsm-homepage/pages/works/bower_components 1 undefined Project: /dev/null/inferredProject1* watcher already invoked: false
[22:00:39.789] DirectoryWatcher:: Added:: WatchInfo: c:/Users/aitor/aitorsm-homepage/pages/works/node_modules
[22:00:39.789] DirectoryWatcher:: Added:: WatchInfo: c:/Users/aitor/aitorsm-homepage/pages/works/node_modules 1 undefined Project: /dev/null/inferredProject1* watcher already invoked: false
[22:00:39.790] Elapsed:: 0.1907999999821186ms DirectoryWatcher:: Added:: WatchInfo: c:/Users/aitor/aitorsm-homepage/pages/works/node_modules 1 undefined Project: /dev/null/inferredProject1* watcher already invoked: false
[22:00:39.790] Sending response:
    {"projectName":"/dev/null/inferredProject1*","typeAcquisition":{"enable":true,"include":[],"exclude":[]},"compilerOptions":{"module":1,"target":3,"jsx":1,"allowJs":true,"allowSyntheticDefaultImports":true,"allowNonTsExtensions":true,"noEmitForJsFiles":true,"maxNodeModuleJsDepth":2},"typings":[],"unresolvedImports":[],"kind":"action::set"}
[22:00:39.791] Response has been sent.
[22:00:39.791] No new typings were requested as a result of typings discovery
[22:01:03.305] Got install request {"projectName":"/dev/null/inferredProject1*","fileNames":["c:/Users/aitor/aitorsm-homepage/node_modules/typescript/lib/lib.es5.d.ts","c:/Users/aitor/aitorsm-homepage/node_modules/typescript/lib/lib.es2015.d.ts","c:/Users/aitor/aitorsm-homepage/node_modules/typescript/lib/lib.es2016.d.ts","c:/Users/aitor/aitorsm-homepage/node_modules/typescript/lib/lib.dom.d.ts","c:/Users/aitor/aitorsm-homepage/node_modules/typescript/lib/lib.dom.iterable.d.ts","c:/Users/aitor/aitorsm-homepage/node_modules/typescript/lib/lib.webworker.importscripts.d.ts","c:/Users/aitor/aitorsm-homepage/node_modules/typescript/lib/lib.scripthost.d.ts","c:/Users/aitor/aitorsm-homepage/node_modules/typescript/lib/lib.es2015.core.d.ts","c:/Users/aitor/aitorsm-homepage/node_modules/typescript/lib/lib.es2015.collection.d.ts","c:/Users/aitor/aitorsm-homepage/node_modules/typescript/lib/lib.es2015.generator.d.ts","c:/Users/aitor/aitorsm-homepage/node_modules/typescript/lib/lib.es2015.iterable.d.ts","c:/Users/aitor/aitorsm-homepage/node_modules/typescript/lib/lib.es2015.promise.d.ts","c:/Users/aitor/aitorsm-homepage/node_modules/typescript/lib/lib.es2015.proxy.d.ts","c:/Users/aitor/aitorsm-homepage/node_modules/typescript/lib/lib.es2015.reflect.d.ts","c:/Users/aitor/aitorsm-homepage/node_modules/typescript/lib/lib.es2015.symbol.d.ts","c:/Users/aitor/aitorsm-homepage/node_modules/typescript/lib/lib.es2015.symbol.wellknown.d.ts","c:/Users/aitor/aitorsm-homepage/node_modules/typescript/lib/lib.es2016.array.include.d.ts","c:/Users/aitor/aitorsm-homepage/node_modules/typescript/lib/lib.es2016.full.d.ts","c:/Users/aitor/aitorsm-homepage/components/grid-item.js","c:/Users/aitor/aitorsm-homepage/components/layouts/article.js","c:/Users/aitor/aitorsm-homepage/components/work.js","c:/Users/aitor/aitorsm-homepage/components/paragraph.js","c:/Users/aitor/aitorsm-homepage/lib/theme.js","c:/Users/aitor/aitorsm-homepage/components/chakra.js","c:/Users/aitor/aitorsm-homepage/pages/works/liqpools.js"],"compilerOptions":{"module":1,"target":3,"jsx":1,"allowJs":true,"allowSyntheticDefaultImports":true,"allowNonTsExtensions":true,"noEmitForJsFiles":true,"maxNodeModuleJsDepth":2},"typeAcquisition":{"enable":true,"include":[],"exclude":[]},"unresolvedImports":[],"projectRootPath":"c:/Users/aitor/aitorsm-homepage/pages/works","kind":"discover"}
[22:01:03.306] Explicitly included types: []
[22:01:03.308] Inferred typings from unresolved imports: []
[22:01:03.308] Result: {"cachedTypingPaths":[],"newTypingNames":[],"filesToWatch":["c:/Users/aitor/aitorsm-homepage/components/bower_components","c:/Users/aitor/aitorsm-homepage/components/node_modules","c:/Users/aitor/aitorsm-homepage/components/layouts/bower_components","c:/Users/aitor/aitorsm-homepage/components/layouts/node_modules","c:/Users/aitor/aitorsm-homepage/lib/bower_components","c:/Users/aitor/aitorsm-homepage/lib/node_modules","c:/Users/aitor/aitorsm-homepage/pages/works/bower_components","c:/Users/aitor/aitorsm-homepage/pages/works/node_modules"]}
[22:01:03.308] Finished typings discovery: {"cachedTypingPaths":[],"newTypingNames":[],"filesToWatch":["c:/Users/aitor/aitorsm-homepage/components/bower_components","c:/Users/aitor/aitorsm-homepage/components/node_modules","c:/Users/aitor/aitorsm-homepage/components/layouts/bower_components","c:/Users/aitor/aitorsm-homepage/components/layouts/node_modules","c:/Users/aitor/aitorsm-homepage/lib/bower_components","c:/Users/aitor/aitorsm-homepage/lib/node_modules","c:/Users/aitor/aitorsm-homepage/pages/works/bower_components","c:/Users/aitor/aitorsm-homepage/pages/works/node_modules"]}
[22:01:03.309] DirectoryWatcher:: Added:: WatchInfo: c:/Users/aitor/aitorsm-homepage/components/bower_components
[22:01:03.309] DirectoryWatcher:: Added:: WatchInfo: c:/Users/aitor/aitorsm-homepage/components/bower_components 1 undefined Project: /dev/null/inferredProject1* watcher already invoked: false
[22:01:03.310] Elapsed:: 0.1962000000057742ms DirectoryWatcher:: Added:: WatchInfo: c:/Users/aitor/aitorsm-homepage/components/bower_components 1 undefined Project: /dev/null/inferredProject1* watcher already invoked: false
[22:01:03.311] DirectoryWatcher:: Added:: WatchInfo: c:/Users/aitor/aitorsm-homepage/components/node_modules
[22:01:03.311] DirectoryWatcher:: Added:: WatchInfo: c:/Users/aitor/aitorsm-homepage/components/node_modules 1 undefined Project: /dev/null/inferredProject1* watcher already invoked: false
[22:01:03.311] Elapsed:: 0.1900999999488704ms DirectoryWatcher:: Added:: WatchInfo: c:/Users/aitor/aitorsm-homepage/components/node_modules 1 undefined Project: /dev/null/inferredProject1* watcher already invoked: false
[22:01:03.312] DirectoryWatcher:: Added:: WatchInfo: c:/Users/aitor/aitorsm-homepage/components/layouts/bower_components
[22:01:03.312] DirectoryWatcher:: Added:: WatchInfo: c:/Users/aitor/aitorsm-homepage/components/layouts/bower_components 1 undefined Project: /dev/null/inferredProject1* watcher already invoked: false
[22:01:03.313] Elapsed:: 0.16220000002067536ms DirectoryWatcher:: Added:: WatchInfo: c:/Users/aitor/aitorsm-homepage/components/layouts/bower_components 1 undefined Project: /dev/null/inferredProject1* watcher already invoked: false
[22:01:03.313] DirectoryWatcher:: Added:: WatchInfo: c:/Users/aitor/aitorsm-homepage/components/layouts/node_modules
[22:01:03.314] DirectoryWatcher:: Added:: WatchInfo: c:/Users/aitor/aitorsm-homepage/components/layouts/node_modules 1 undefined Project: /dev/null/inferredProject1* watcher already invoked: false
[22:01:03.314] Elapsed:: 0.15839999995660037ms DirectoryWatcher:: Added:: WatchInfo: c:/Users/aitor/aitorsm-homepage/components/layouts/node_modules 1 undefined Project: /dev/null/inferredProject1* watcher already invoked: false
[22:01:03.315] DirectoryWatcher:: Added:: WatchInfo: c:/Users/aitor/aitorsm-homepage/lib/bower_components
[22:01:03.315] DirectoryWatcher:: Added:: WatchInfo: c:/Users/aitor/aitorsm-homepage/lib/bower_components 1 undefined Project: /dev/null/inferredProject1* watcher already invoked: false
[22:01:03.315] Elapsed:: 0.16209999995771796ms DirectoryWatcher:: Added:: WatchInfo: c:/Users/aitor/aitorsm-homepage/lib/bower_components 1 undefined Project: /dev/null/inferredProject1* watcher already invoked: false
[22:01:03.316] DirectoryWatcher:: Added:: WatchInfo: c:/Users/aitor/aitorsm-homepage/lib/node_modules
[22:01:03.316] DirectoryWatcher:: Added:: WatchInfo: c:/Users/aitor/aitorsm-homepage/lib/node_modules 1 undefined Project: /dev/null/inferredProject1* watcher already invoked: false
[22:01:03.317] Elapsed:: 0.15779999998630956ms DirectoryWatcher:: Added:: WatchInfo: c:/Users/aitor/aitorsm-homepage/lib/node_modules 1 undefined Project: /dev/null/inferredProject1* watcher already invoked: false
[22:01:03.317] Sending response:
    {"projectName":"/dev/null/inferredProject1*","typeAcquisition":{"enable":true,"include":[],"exclude":[]},"compilerOptions":{"module":1,"target":3,"jsx":1,"allowJs":true,"allowSyntheticDefaultImports":true,"allowNonTsExtensions":true,"noEmitForJsFiles":true,"maxNodeModuleJsDepth":2},"typings":[],"unresolvedImports":[],"kind":"action::set"}
[22:01:03.318] Response has been sent.
[22:01:03.318] No new typings were requested as a result of typings discovery
