[20:20:18.637] Global cache location 'C:/Users/aitor/AppData/Local/Microsoft/TypeScript/4.6', safe file path 'c:/users/aitor/aitorsm-homepage/node_modules/typescript/lib/typingsafelist.json', types map path c:/users/aitor/aitorsm-homepage/node_modules/typescript/lib/typesmap.json
[20:20:18.639] Processing cache location 'C:/Users/aitor/AppData/Local/Microsoft/TypeScript/4.6'
[20:20:18.640] Trying to find 'C:/Users/aitor/AppData/Local/Microsoft/TypeScript/4.6/package.json'...
[20:20:18.641] Loaded content of 'C:/Users/aitor/AppData/Local/Microsoft/TypeScript/4.6/package.json': {"private":true,"dependencies":{"types-registry":"^0.1.601"},"devDependencies":{"@types/three":"^0.141.0"}}
[20:20:18.642] Loaded content of 'C:/Users/aitor/AppData/Local/Microsoft/TypeScript/4.6/package-lock.json'
[20:20:18.660] Adding entry into typings cache: 'three' => 'C:/Users/aitor/AppData/Local/Microsoft/TypeScript/4.6/node_modules/@types/three/index.d.ts'
[20:20:18.661] Finished processing cache location 'C:/Users/aitor/AppData/Local/Microsoft/TypeScript/4.6'
[20:20:18.662] Process id: 3960
[20:20:18.662] NPM location: "C:\Program Files\nodejs\npm" (explicit '--npmLocation' not  provided)
[20:20:18.663] validateDefaultNpmLocation: false
[20:20:18.663] Npm config file: C:/Users/aitor/AppData/Local/Microsoft/TypeScript/4.6/package.json
[20:20:18.664] Updating types-registry npm package...
[20:20:18.664] Exec: "C:\Program Files\nodejs\npm" install --ignore-scripts types-registry@latest
[20:20:20.686]     Succeeded. stdout:
    
    up to date, audited 4 packages in 632ms

found 0 vulnerabilities

[20:20:20.687] Updated types-registry npm package
[20:20:25.770] Got install request {"projectName":"/dev/null/inferredProject1*","fileNames":["c:/Users/aitor/aitorsm-homepage/node_modules/typescript/lib/lib.es5.d.ts","c:/Users/aitor/aitorsm-homepage/node_modules/typescript/lib/lib.es2015.d.ts","c:/Users/aitor/aitorsm-homepage/node_modules/typescript/lib/lib.es2016.d.ts","c:/Users/aitor/aitorsm-homepage/node_modules/typescript/lib/lib.dom.d.ts","c:/Users/aitor/aitorsm-homepage/node_modules/typescript/lib/lib.dom.iterable.d.ts","c:/Users/aitor/aitorsm-homepage/node_modules/typescript/lib/lib.webworker.importscripts.d.ts","c:/Users/aitor/aitorsm-homepage/node_modules/typescript/lib/lib.scripthost.d.ts","c:/Users/aitor/aitorsm-homepage/node_modules/typescript/lib/lib.es2015.core.d.ts","c:/Users/aitor/aitorsm-homepage/node_modules/typescript/lib/lib.es2015.collection.d.ts","c:/Users/aitor/aitorsm-homepage/node_modules/typescript/lib/lib.es2015.generator.d.ts","c:/Users/aitor/aitorsm-homepage/node_modules/typescript/lib/lib.es2015.iterable.d.ts","c:/Users/aitor/aitorsm-homepage/node_modules/typescript/lib/lib.es2015.promise.d.ts","c:/Users/aitor/aitorsm-homepage/node_modules/typescript/lib/lib.es2015.proxy.d.ts","c:/Users/aitor/aitorsm-homepage/node_modules/typescript/lib/lib.es2015.reflect.d.ts","c:/Users/aitor/aitorsm-homepage/node_modules/typescript/lib/lib.es2015.symbol.d.ts","c:/Users/aitor/aitorsm-homepage/node_modules/typescript/lib/lib.es2015.symbol.wellknown.d.ts","c:/Users/aitor/aitorsm-homepage/node_modules/typescript/lib/lib.es2016.array.include.d.ts","c:/Users/aitor/aitorsm-homepage/node_modules/typescript/lib/lib.es2016.full.d.ts","c:/Users/aitor/aitorsm-homepage/components/logo.js","c:/Users/aitor/aitorsm-homepage/components/theme-toggle-button.js","c:/Users/aitor/aitorsm-homepage/components/navbar.js"],"compilerOptions":{"module":1,"target":3,"jsx":1,"allowJs":true,"allowSyntheticDefaultImports":true,"allowNonTsExtensions":true,"noEmitForJsFiles":true,"maxNodeModuleJsDepth":2},"typeAcquisition":{"enable":true,"include":[],"exclude":[]},"unresolvedImports":[],"projectRootPath":"c:/Users/aitor/aitorsm-homepage/components","kind":"discover"}
[20:20:25.787] Loaded safelist from types map file 'c:/users/aitor/aitorsm-homepage/node_modules/typescript/lib/typesmap.json'
[20:20:25.788] Explicitly included types: []
[20:20:25.790] Inferred typings from unresolved imports: []
[20:20:25.791] Result: {"cachedTypingPaths":[],"newTypingNames":[],"filesToWatch":["c:/Users/aitor/aitorsm-homepage/components/bower_components","c:/Users/aitor/aitorsm-homepage/components/node_modules"]}
[20:20:25.791] Finished typings discovery: {"cachedTypingPaths":[],"newTypingNames":[],"filesToWatch":["c:/Users/aitor/aitorsm-homepage/components/bower_components","c:/Users/aitor/aitorsm-homepage/components/node_modules"]}
[20:20:25.792] DirectoryWatcher:: Added:: WatchInfo: c:/Users/aitor/aitorsm-homepage/components/bower_components
[20:20:25.793] DirectoryWatcher:: Added:: WatchInfo: c:/Users/aitor/aitorsm-homepage/components/bower_components 1 undefined Project: /dev/null/inferredProject1* watcher already invoked: false
[20:20:25.794] Elapsed:: 1.5581999979913235ms DirectoryWatcher:: Added:: WatchInfo: c:/Users/aitor/aitorsm-homepage/components/bower_components 1 undefined Project: /dev/null/inferredProject1* watcher already invoked: false
[20:20:25.795] DirectoryWatcher:: Added:: WatchInfo: c:/Users/aitor/aitorsm-homepage/components/node_modules
[20:20:25.795] DirectoryWatcher:: Added:: WatchInfo: c:/Users/aitor/aitorsm-homepage/components/node_modules 1 undefined Project: /dev/null/inferredProject1* watcher already invoked: false
[20:20:25.796] Elapsed:: 0.1810999996960163ms DirectoryWatcher:: Added:: WatchInfo: c:/Users/aitor/aitorsm-homepage/components/node_modules 1 undefined Project: /dev/null/inferredProject1* watcher already invoked: false
[20:20:25.796] Sending response:
    {"projectName":"/dev/null/inferredProject1*","typeAcquisition":{"enable":true,"include":[],"exclude":[]},"compilerOptions":{"module":1,"target":3,"jsx":1,"allowJs":true,"allowSyntheticDefaultImports":true,"allowNonTsExtensions":true,"noEmitForJsFiles":true,"maxNodeModuleJsDepth":2},"typings":[],"unresolvedImports":[],"kind":"action::set"}
[20:20:25.797] Response has been sent.
[20:20:25.798] No new typings were requested as a result of typings discovery
